 openfile=Add76_XNO3_JPL10.dat                                                            
Table 4C-5. Absorption Cross Sections of NO3 at 298 K  (1.e-20)                 
Table 4C-6. Quantum Yields in the Photolysis of NO3 at 298, 230, and 190 K      
NO3a  = NO2+O   JPL2010                                                         
 190a 0.000E+00 0.000E+00 0.000E+00 0.000E+00 0.000E+00 0.000E+00 NO3a  
 190b 0.000E+00 0.000E+00 0.000E+00 0.000E+00 0.000E+00 0.000E+00 NO3a  
 190c 0.000E+00 0.000E+00 0.000E+00 0.000E+00 3.622E-19 1.280E-18 NO3a  
 
NO3b  = NO+O2                                                                   
 190a 0.000E+00 0.000E+00 0.000E+00 0.000E+00 0.000E+00 0.000E+00 NO3b  
 190b 0.000E+00 0.000E+00 0.000E+00 0.000E+00 0.000E+00 0.000E+00 NO3b  
 190c 0.000E+00 0.000E+00 0.000E+00 0.000E+00 0.000E+00 1.991E-19 NO3b  
 
NO3   q(NO2+O)=0.882, q(NO+O2)=0.112                                            
 190a 0.000E+00 0.000E+00 0.000E+00 0.000E+00 0.000E+00 0.000E+00 NO3   
 190b 0.000E+00 0.000E+00 0.000E+00 0.000E+00 0.000E+00 0.000E+00 NO3   
 190c 0.000E+00 0.000E+00 0.000E+00 0.000E+00 3.622E-19 1.479E-18 NO3   
 
    clear sky total J (/sec):          0.2372
              q-yield path a:        0.875095
 
NO3a  = NO2+O   JPL2010                  190.
 0.000E+00 0.000E+00 0.000E+00 0.000E+00 0.000E+00 0.000E+00 0.000E+00 0.000E+00
 0.000E+00 0.000E+00 0.000E+00 0.000E+00 0.000E+00 0.000E+00 0.000E+00 0.000E+00
 0.000E+00 0.000E+00 0.000E+00 0.000E+00 0.000E+00 0.000E+00 0.000E+00 0.000E+00
 0.000E+00 0.000E+00 0.000E+00 0.000E+00 0.000E+00 0.000E+00 0.000E+00 0.000E+00
 0.000E+00 0.000E+00 0.000E+00 0.000E+00 0.000E+00 0.000E+00 0.000E+00 0.000E+00
 0.000E+00 0.000E+00 0.000E+00 0.000E+00 0.000E+00 0.000E+00 0.000E+00 0.000E+00
 0.000E+00 0.000E+00 0.000E+00 0.000E+00 0.000E+00 0.000E+00 0.000E+00 0.000E+00
 0.000E+00 0.000E+00 0.000E+00 0.000E+00 0.000E+00 0.000E+00 0.000E+00 0.000E+00
 0.000E+00 0.000E+00 0.000E+00 0.000E+00 0.000E+00 0.000E+00 1.353E-20 1.612E-19
 6.886E-19 2.721E-18 2.237E-18 2.731E-22
 
NO3b  = NO+O2                            190.
 0.000E+00 0.000E+00 0.000E+00 0.000E+00 0.000E+00 0.000E+00 0.000E+00 0.000E+00
 0.000E+00 0.000E+00 0.000E+00 0.000E+00 0.000E+00 0.000E+00 0.000E+00 0.000E+00
 0.000E+00 0.000E+00 0.000E+00 0.000E+00 0.000E+00 0.000E+00 0.000E+00 0.000E+00
 0.000E+00 0.000E+00 0.000E+00 0.000E+00 0.000E+00 0.000E+00 0.000E+00 0.000E+00
 0.000E+00 0.000E+00 0.000E+00 0.000E+00 0.000E+00 0.000E+00 0.000E+00 0.000E+00
 0.000E+00 0.000E+00 0.000E+00 0.000E+00 0.000E+00 0.000E+00 0.000E+00 0.000E+00
 0.000E+00 0.000E+00 0.000E+00 0.000E+00 0.000E+00 0.000E+00 0.000E+00 0.000E+00
 0.000E+00 0.000E+00 0.000E+00 0.000E+00 0.000E+00 0.000E+00 0.000E+00 0.000E+00
 0.000E+00 0.000E+00 0.000E+00 0.000E+00 0.000E+00 0.000E+00 0.000E+00 0.000E+00
 0.000E+00 0.000E+00 7.433E-19 1.899E-21
 
NO3   q(NO2+O)=0.882, q(NO+O2)=0.112     190.
 0.000E+00 0.000E+00 0.000E+00 0.000E+00 0.000E+00 0.000E+00 0.000E+00 0.000E+00
 0.000E+00 0.000E+00 0.000E+00 0.000E+00 0.000E+00 0.000E+00 0.000E+00 0.000E+00
 0.000E+00 0.000E+00 0.000E+00 0.000E+00 0.000E+00 0.000E+00 0.000E+00 0.000E+00
 0.000E+00 0.000E+00 0.000E+00 0.000E+00 0.000E+00 0.000E+00 0.000E+00 0.000E+00
 0.000E+00 0.000E+00 0.000E+00 0.000E+00 0.000E+00 0.000E+00 0.000E+00 0.000E+00
 0.000E+00 0.000E+00 0.000E+00 0.000E+00 0.000E+00 0.000E+00 0.000E+00 0.000E+00
 0.000E+00 0.000E+00 0.000E+00 0.000E+00 0.000E+00 0.000E+00 0.000E+00 0.000E+00
 0.000E+00 0.000E+00 0.000E+00 0.000E+00 0.000E+00 0.000E+00 0.000E+00 0.000E+00
 0.000E+00 0.000E+00 0.000E+00 0.000E+00 0.000E+00 0.000E+00 1.353E-20 1.612E-19
 6.886E-19 2.721E-18 2.980E-18 2.172E-21
 
NO3a  = NO2+O   JPL2010                                                         
 298a 0.000E+00 0.000E+00 0.000E+00 0.000E+00 0.000E+00 0.000E+00 NO3a  
 298b 0.000E+00 0.000E+00 0.000E+00 0.000E+00 0.000E+00 0.000E+00 NO3a  
 298c 0.000E+00 0.000E+00 0.000E+00 0.000E+00 2.597E-19 1.029E-18 NO3a  
 
NO3b  = NO+O2                                                                   
 298a 0.000E+00 0.000E+00 0.000E+00 0.000E+00 0.000E+00 0.000E+00 NO3b  
 298b 0.000E+00 0.000E+00 0.000E+00 0.000E+00 0.000E+00 0.000E+00 NO3b  
 298c 0.000E+00 0.000E+00 0.000E+00 0.000E+00 0.000E+00 1.487E-19 NO3b  
 
NO3   q(NO2+O)=0.882, q(NO+O2)=0.112                                            
 298a 0.000E+00 0.000E+00 0.000E+00 0.000E+00 0.000E+00 0.000E+00 NO3   
 298b 0.000E+00 0.000E+00 0.000E+00 0.000E+00 0.000E+00 0.000E+00 NO3   
 298c 0.000E+00 0.000E+00 0.000E+00 0.000E+00 2.597E-19 1.177E-18 NO3   
 
    clear sky total J (/sec):          0.1874
              q-yield path a:        0.881916
 
NO3a  = NO2+O   JPL2010                  298.
 0.000E+00 0.000E+00 0.000E+00 0.000E+00 0.000E+00 0.000E+00 0.000E+00 0.000E+00
 0.000E+00 0.000E+00 0.000E+00 0.000E+00 0.000E+00 0.000E+00 0.000E+00 0.000E+00
 0.000E+00 0.000E+00 0.000E+00 0.000E+00 0.000E+00 0.000E+00 0.000E+00 0.000E+00
 0.000E+00 0.000E+00 0.000E+00 0.000E+00 0.000E+00 0.000E+00 0.000E+00 0.000E+00
 0.000E+00 0.000E+00 0.000E+00 0.000E+00 0.000E+00 0.000E+00 0.000E+00 0.000E+00
 0.000E+00 0.000E+00 0.000E+00 0.000E+00 0.000E+00 0.000E+00 0.000E+00 0.000E+00
 0.000E+00 0.000E+00 0.000E+00 0.000E+00 0.000E+00 0.000E+00 0.000E+00 0.000E+00
 0.000E+00 0.000E+00 0.000E+00 0.000E+00 0.000E+00 0.000E+00 0.000E+00 0.000E+00
 0.000E+00 0.000E+00 0.000E+00 0.000E+00 0.000E+00 0.000E+00 9.700E-21 1.156E-19
 4.936E-19 1.950E-18 2.007E-18 6.894E-21
 
NO3b  = NO+O2                            298.
 0.000E+00 0.000E+00 0.000E+00 0.000E+00 0.000E+00 0.000E+00 0.000E+00 0.000E+00
 0.000E+00 0.000E+00 0.000E+00 0.000E+00 0.000E+00 0.000E+00 0.000E+00 0.000E+00
 0.000E+00 0.000E+00 0.000E+00 0.000E+00 0.000E+00 0.000E+00 0.000E+00 0.000E+00
 0.000E+00 0.000E+00 0.000E+00 0.000E+00 0.000E+00 0.000E+00 0.000E+00 0.000E+00
 0.000E+00 0.000E+00 0.000E+00 0.000E+00 0.000E+00 0.000E+00 0.000E+00 0.000E+00
 0.000E+00 0.000E+00 0.000E+00 0.000E+00 0.000E+00 0.000E+00 0.000E+00 0.000E+00
 0.000E+00 0.000E+00 0.000E+00 0.000E+00 0.000E+00 0.000E+00 0.000E+00 0.000E+00
 0.000E+00 0.000E+00 0.000E+00 0.000E+00 0.000E+00 0.000E+00 0.000E+00 0.000E+00
 0.000E+00 0.000E+00 0.000E+00 0.000E+00 0.000E+00 0.000E+00 0.000E+00 0.000E+00
 0.000E+00 0.000E+00 5.225E-19 1.950E-20
 
NO3   q(NO2+O)=0.882, q(NO+O2)=0.112     298.
 0.000E+00 0.000E+00 0.000E+00 0.000E+00 0.000E+00 0.000E+00 0.000E+00 0.000E+00
 0.000E+00 0.000E+00 0.000E+00 0.000E+00 0.000E+00 0.000E+00 0.000E+00 0.000E+00
 0.000E+00 0.000E+00 0.000E+00 0.000E+00 0.000E+00 0.000E+00 0.000E+00 0.000E+00
 0.000E+00 0.000E+00 0.000E+00 0.000E+00 0.000E+00 0.000E+00 0.000E+00 0.000E+00
 0.000E+00 0.000E+00 0.000E+00 0.000E+00 0.000E+00 0.000E+00 0.000E+00 0.000E+00
 0.000E+00 0.000E+00 0.000E+00 0.000E+00 0.000E+00 0.000E+00 0.000E+00 0.000E+00
 0.000E+00 0.000E+00 0.000E+00 0.000E+00 0.000E+00 0.000E+00 0.000E+00 0.000E+00
 0.000E+00 0.000E+00 0.000E+00 0.000E+00 0.000E+00 0.000E+00 0.000E+00 0.000E+00
 0.000E+00 0.000E+00 0.000E+00 0.000E+00 0.000E+00 0.000E+00 9.700E-21 1.156E-19
 4.936E-19 1.950E-18 2.530E-18 2.639E-20
 
