 species:CFCL3 
 openfile=Add76_xCFCl3_JPL11.dat                                                          

CFCl3                                                                           
ISX= x    ISP=  
TTT= 220 298   0
Table 4F-35. Absorption Cross Sections of CFCl3 at 298 K (1.e-20)  JPL2010                
x220a 2.180E-18 1.612E-18 1.305E-18 9.638E-19 4.566E-19 1.654E-19 CFCL3 
 220b 9.632E-20 7.192E-20 4.165E-23 7.105E-22 1.919E-21 0.000E+00 CFCL3 
 220c 0.000E+00 0.000E+00 0.000E+00 0.000E+00 0.000E+00 0.000E+00 CFCL3 
 
Table 4F-35. Absorpt 220.
 3.146E-18 3.112E-18 3.060E-18 2.967E-18 2.843E-18 2.664E-18 2.427E-18 2.172E-18
 1.869E-18 1.575E-18 1.261E-18 9.709E-19 7.791E-19 6.691E-19 5.144E-19 3.770E-19
 2.732E-19 1.654E-19 9.632E-20 5.367E-20 2.918E-20 1.601E-20 7.773E-21 3.580E-21
 1.507E-21 6.026E-22 2.146E-22 8.039E-23 2.581E-23 9.221E-24 6.610E-25 0.000E+00
 0.000E+00 0.000E+00 0.000E+00 0.000E+00 0.000E+00 0.000E+00 0.000E+00 0.000E+00
 0.000E+00 0.000E+00 0.000E+00 0.000E+00 0.000E+00 0.000E+00 0.000E+00 0.000E+00
 0.000E+00 0.000E+00 0.000E+00 0.000E+00 0.000E+00 0.000E+00 0.000E+00 0.000E+00
 0.000E+00 0.000E+00 0.000E+00 0.000E+00 0.000E+00 0.000E+00 0.000E+00 0.000E+00
 0.000E+00 0.000E+00 0.000E+00 0.000E+00 0.000E+00 0.000E+00 0.000E+00 0.000E+00
 0.000E+00 0.000E+00 0.000E+00 0.000E+00
 
Table 4F-35. Absorption Cross Sections of CFCl3 at 298 K (1.e-20)  JPL2010                
x298a 2.240E-18 1.656E-18 1.342E-18 9.905E-19 4.911E-19 2.043E-19 CFCL3 
 298b 1.274E-19 9.452E-20 9.851E-23 1.302E-21 2.993E-21 0.000E+00 CFCL3 
 298c 0.000E+00 0.000E+00 0.000E+00 0.000E+00 0.000E+00 0.000E+00 CFCL3 
 
Table 4F-35. Absorpt 298.
 3.233E-18 3.198E-18 3.144E-18 3.049E-18 2.921E-18 2.737E-18 2.494E-18 2.232E-18
 1.920E-18 1.618E-18 1.296E-18 9.977E-19 8.006E-19 6.876E-19 5.433E-19 4.172E-19
 3.162E-19 2.043E-19 1.274E-19 7.600E-20 4.424E-20 2.595E-20 1.361E-20 6.793E-21
 3.143E-21 1.383E-21 5.277E-22 1.979E-22 6.354E-23 2.270E-23 1.627E-24 0.000E+00
 0.000E+00 0.000E+00 0.000E+00 0.000E+00 0.000E+00 0.000E+00 0.000E+00 0.000E+00
 0.000E+00 0.000E+00 0.000E+00 0.000E+00 0.000E+00 0.000E+00 0.000E+00 0.000E+00
 0.000E+00 0.000E+00 0.000E+00 0.000E+00 0.000E+00 0.000E+00 0.000E+00 0.000E+00
 0.000E+00 0.000E+00 0.000E+00 0.000E+00 0.000E+00 0.000E+00 0.000E+00 0.000E+00
 0.000E+00 0.000E+00 0.000E+00 0.000E+00 0.000E+00 0.000E+00 0.000E+00 0.000E+00
 0.000E+00 0.000E+00 0.000E+00 0.000E+00
 
