 TTT, J-NO2, J-NO2ex  220  0.008663  0.008568
NO2 bounded interp   JPL2010                                                    
 220a 0.000E+00 0.000E+00 0.000E+00 0.000E+00 0.000E+00 0.000E+00 NO2   
 220b 0.000E+00 0.000E+00 1.910E-20 4.676E-20 7.648E-20 1.073E-19 NO2   
 220c 1.469E-19 1.838E-19 2.201E-19 3.199E-19 1.464E-19 0.000E+00 NO2   
 
NO2 bounded interp   JPL2010             220.
 0.000E+00 0.000E+00 0.000E+00 0.000E+00 0.000E+00 0.000E+00 0.000E+00 0.000E+00
 0.000E+00 0.000E+00 0.000E+00 0.000E+00 0.000E+00 0.000E+00 0.000E+00 0.000E+00
 0.000E+00 0.000E+00 0.000E+00 0.000E+00 0.000E+00 0.000E+00 0.000E+00 0.000E+00
 0.000E+00 0.000E+00 1.507E-20 1.921E-20 4.641E-21 7.751E-21 1.581E-20 2.244E-20
 3.231E-20 4.371E-20 5.953E-20 6.701E-20 7.720E-20 8.907E-20 9.640E-20 1.045E-19
 1.160E-19 1.160E-19 1.287E-19 1.320E-19 1.320E-19 1.320E-19 1.456E-19 1.600E-19
 1.600E-19 1.600E-19 1.600E-19 1.791E-19 1.850E-19 1.850E-19 1.850E-19 1.850E-19
 2.058E-19 2.080E-19 2.080E-19 2.080E-19 2.329E-19 2.420E-19 2.420E-19 2.717E-19
 3.030E-19 3.643E-19 4.346E-19 5.006E-19 5.548E-19 5.933E-19 3.256E-19 5.587E-21
 0.000E+00 0.000E+00 0.000E+00 0.000E+00
 
NO2 extrap    JPL2010                                                           
 220a 0.000E+00 0.000E+00 0.000E+00 0.000E+00 0.000E+00 0.000E+00 NO2ex 
 220b 0.000E+00 0.000E+00 1.910E-20 4.676E-20 7.648E-20 1.073E-19 NO2ex 
 220c 1.469E-19 1.838E-19 2.201E-19 3.199E-19 1.444E-19 0.000E+00 NO2ex 
 
NO2 extrap    JPL2010                    220.
 0.000E+00 0.000E+00 0.000E+00 0.000E+00 0.000E+00 0.000E+00 0.000E+00 0.000E+00
 0.000E+00 0.000E+00 0.000E+00 0.000E+00 0.000E+00 0.000E+00 0.000E+00 0.000E+00
 0.000E+00 0.000E+00 0.000E+00 0.000E+00 0.000E+00 0.000E+00 0.000E+00 0.000E+00
 0.000E+00 0.000E+00 1.507E-20 1.921E-20 4.641E-21 7.751E-21 1.581E-20 2.244E-20
 3.231E-20 4.371E-20 5.953E-20 6.701E-20 7.720E-20 8.907E-20 9.640E-20 1.045E-19
 1.160E-19 1.160E-19 1.287E-19 1.320E-19 1.320E-19 1.320E-19 1.456E-19 1.600E-19
 1.600E-19 1.600E-19 1.600E-19 1.791E-19 1.850E-19 1.850E-19 1.850E-19 1.850E-19
 2.058E-19 2.080E-19 2.080E-19 2.080E-19 2.329E-19 2.420E-19 2.420E-19 2.717E-19
 3.030E-19 3.643E-19 4.346E-19 5.006E-19 5.548E-19 5.933E-19 3.135E-19 4.076E-21
 0.000E+00 0.000E+00 0.000E+00 0.000E+00
 
 
 TTT, J-NO2, J-NO2ex  294  0.009123  0.009120
NO2 bounded interp   JPL2010                                                    
 294a 0.000E+00 0.000E+00 0.000E+00 0.000E+00 0.000E+00 0.000E+00 NO2   
 294b 0.000E+00 0.000E+00 2.307E-20 4.678E-20 7.529E-20 1.062E-19 NO2   
 294c 1.474E-19 1.867E-19 2.291E-19 3.445E-19 1.539E-19 0.000E+00 NO2   
 
NO2 bounded interp   JPL2010             294.
 0.000E+00 0.000E+00 0.000E+00 0.000E+00 0.000E+00 0.000E+00 0.000E+00 0.000E+00
 0.000E+00 0.000E+00 0.000E+00 0.000E+00 0.000E+00 0.000E+00 0.000E+00 0.000E+00
 0.000E+00 0.000E+00 0.000E+00 0.000E+00 0.000E+00 0.000E+00 0.000E+00 0.000E+00
 0.000E+00 0.000E+00 2.101E-20 3.492E-20 1.219E-20 1.223E-20 1.876E-20 2.521E-20
 3.423E-20 4.473E-20 5.926E-20 6.621E-20 7.590E-20 8.777E-20 9.510E-20 1.033E-19
 1.150E-19 1.150E-19 1.285E-19 1.320E-19 1.320E-19 1.320E-19 1.461E-19 1.610E-19
 1.610E-19 1.610E-19 1.610E-19 1.816E-19 1.880E-19 1.880E-19 1.880E-19 1.880E-19
 2.133E-19 2.160E-19 2.160E-19 2.160E-19 2.431E-19 2.530E-19 2.530E-19 2.867E-19
 3.269E-19 3.953E-19 4.609E-19 5.170E-19 5.639E-19 6.009E-19 3.550E-19 9.833E-21
 0.000E+00 0.000E+00 0.000E+00 0.000E+00
 
NO2 extrap    JPL2010                                                           
 294a 0.000E+00 0.000E+00 0.000E+00 0.000E+00 0.000E+00 0.000E+00 NO2ex 
 294b 0.000E+00 0.000E+00 2.307E-20 4.678E-20 7.529E-20 1.062E-19 NO2ex 
 294c 1.474E-19 1.867E-19 2.291E-19 3.445E-19 1.538E-19 0.000E+00 NO2ex 
 
NO2 extrap    JPL2010                    294.
 0.000E+00 0.000E+00 0.000E+00 0.000E+00 0.000E+00 0.000E+00 0.000E+00 0.000E+00
 0.000E+00 0.000E+00 0.000E+00 0.000E+00 0.000E+00 0.000E+00 0.000E+00 0.000E+00
 0.000E+00 0.000E+00 0.000E+00 0.000E+00 0.000E+00 0.000E+00 0.000E+00 0.000E+00
 0.000E+00 0.000E+00 2.101E-20 3.492E-20 1.219E-20 1.223E-20 1.876E-20 2.521E-20
 3.423E-20 4.473E-20 5.926E-20 6.621E-20 7.590E-20 8.777E-20 9.510E-20 1.033E-19
 1.150E-19 1.150E-19 1.285E-19 1.320E-19 1.320E-19 1.320E-19 1.461E-19 1.610E-19
 1.610E-19 1.610E-19 1.610E-19 1.816E-19 1.880E-19 1.880E-19 1.880E-19 1.880E-19
 2.133E-19 2.160E-19 2.160E-19 2.160E-19 2.431E-19 2.530E-19 2.530E-19 2.867E-19
 3.269E-19 3.953E-19 4.609E-19 5.170E-19 5.639E-19 6.009E-19 3.547E-19 9.716E-21
 0.000E+00 0.000E+00 0.000E+00 0.000E+00
 
 
 TTT, J-NO2, J-NO2ex  200  0.008663  0.008444
NO2 bounded interp   JPL2010                                                    
 200a 0.000E+00 0.000E+00 0.000E+00 0.000E+00 0.000E+00 0.000E+00 NO2   
 200b 0.000E+00 0.000E+00 1.910E-20 4.676E-20 7.648E-20 1.073E-19 NO2   
 200c 1.469E-19 1.838E-19 2.201E-19 3.199E-19 1.464E-19 0.000E+00 NO2   
 
NO2 bounded interp   JPL2010             200.
 0.000E+00 0.000E+00 0.000E+00 0.000E+00 0.000E+00 0.000E+00 0.000E+00 0.000E+00
 0.000E+00 0.000E+00 0.000E+00 0.000E+00 0.000E+00 0.000E+00 0.000E+00 0.000E+00
 0.000E+00 0.000E+00 0.000E+00 0.000E+00 0.000E+00 0.000E+00 0.000E+00 0.000E+00
 0.000E+00 0.000E+00 1.507E-20 1.921E-20 4.641E-21 7.751E-21 1.581E-20 2.244E-20
 3.231E-20 4.371E-20 5.953E-20 6.701E-20 7.720E-20 8.907E-20 9.640E-20 1.045E-19
 1.160E-19 1.160E-19 1.287E-19 1.320E-19 1.320E-19 1.320E-19 1.456E-19 1.600E-19
 1.600E-19 1.600E-19 1.600E-19 1.791E-19 1.850E-19 1.850E-19 1.850E-19 1.850E-19
 2.058E-19 2.080E-19 2.080E-19 2.080E-19 2.329E-19 2.420E-19 2.420E-19 2.717E-19
 3.030E-19 3.643E-19 4.346E-19 5.006E-19 5.548E-19 5.933E-19 3.256E-19 5.587E-21
 0.000E+00 0.000E+00 0.000E+00 0.000E+00
 
NO2 extrap    JPL2010                                                           
 200a 0.000E+00 0.000E+00 0.000E+00 0.000E+00 0.000E+00 0.000E+00 NO2ex 
 200b 0.000E+00 0.000E+00 1.829E-20 4.676E-20 7.680E-20 1.076E-19 NO2ex 
 200c 1.468E-19 1.830E-19 2.177E-19 3.135E-19 1.423E-19 0.000E+00 NO2ex 
 
NO2 extrap    JPL2010                    200.
 0.000E+00 0.000E+00 0.000E+00 0.000E+00 0.000E+00 0.000E+00 0.000E+00 0.000E+00
 0.000E+00 0.000E+00 0.000E+00 0.000E+00 0.000E+00 0.000E+00 0.000E+00 0.000E+00
 0.000E+00 0.000E+00 0.000E+00 0.000E+00 0.000E+00 0.000E+00 0.000E+00 0.000E+00
 0.000E+00 0.000E+00 1.378E-20 1.664E-20 3.692E-21 6.881E-21 1.510E-20 2.175E-20
 3.181E-20 4.344E-20 5.961E-20 6.723E-20 7.756E-20 8.943E-20 9.675E-20 1.048E-19
 1.163E-19 1.163E-19 1.287E-19 1.320E-19 1.320E-19 1.320E-19 1.455E-19 1.597E-19
 1.597E-19 1.597E-19 1.597E-19 1.784E-19 1.842E-19 1.842E-19 1.842E-19 1.842E-19
 2.038E-19 2.059E-19 2.059E-19 2.059E-19 2.302E-19 2.391E-19 2.391E-19 2.678E-19
 2.969E-19 3.563E-19 4.278E-19 4.963E-19 5.523E-19 5.913E-19 3.049E-19 3.265E-21
 0.000E+00 0.000E+00 0.000E+00 0.000E+00
 
 
 TTT, J-NO2, J-NO2ex  300  0.009141  0.009173
NO2 bounded interp   JPL2010                                                    
 300a 0.000E+00 0.000E+00 0.000E+00 0.000E+00 0.000E+00 0.000E+00 NO2   
 300b 0.000E+00 0.000E+00 2.307E-20 4.678E-20 7.529E-20 1.062E-19 NO2   
 300c 1.474E-19 1.867E-19 2.291E-19 3.445E-19 1.543E-19 0.000E+00 NO2   
 
NO2 bounded interp   JPL2010             300.
 0.000E+00 0.000E+00 0.000E+00 0.000E+00 0.000E+00 0.000E+00 0.000E+00 0.000E+00
 0.000E+00 0.000E+00 0.000E+00 0.000E+00 0.000E+00 0.000E+00 0.000E+00 0.000E+00
 0.000E+00 0.000E+00 0.000E+00 0.000E+00 0.000E+00 0.000E+00 0.000E+00 0.000E+00
 0.000E+00 0.000E+00 2.101E-20 3.492E-20 1.219E-20 1.223E-20 1.876E-20 2.521E-20
 3.423E-20 4.473E-20 5.926E-20 6.621E-20 7.590E-20 8.777E-20 9.510E-20 1.033E-19
 1.150E-19 1.150E-19 1.285E-19 1.320E-19 1.320E-19 1.320E-19 1.461E-19 1.610E-19
 1.610E-19 1.610E-19 1.610E-19 1.816E-19 1.880E-19 1.880E-19 1.880E-19 1.880E-19
 2.133E-19 2.160E-19 2.160E-19 2.160E-19 2.431E-19 2.530E-19 2.530E-19 2.867E-19
 3.269E-19 3.953E-19 4.609E-19 5.170E-19 5.639E-19 6.009E-19 3.572E-19 1.020E-20
 0.000E+00 0.000E+00 0.000E+00 0.000E+00
 
NO2 extrap    JPL2010                                                           
 300a 0.000E+00 0.000E+00 0.000E+00 0.000E+00 0.000E+00 0.000E+00 NO2ex 
 300b 0.000E+00 0.000E+00 2.350E-20 4.678E-20 7.519E-20 1.061E-19 NO2ex 
 300c 1.475E-19 1.869E-19 2.299E-19 3.466E-19 1.548E-19 0.000E+00 NO2ex 
 
NO2 extrap    JPL2010                    300.
 0.000E+00 0.000E+00 0.000E+00 0.000E+00 0.000E+00 0.000E+00 0.000E+00 0.000E+00
 0.000E+00 0.000E+00 0.000E+00 0.000E+00 0.000E+00 0.000E+00 0.000E+00 0.000E+00
 0.000E+00 0.000E+00 0.000E+00 0.000E+00 0.000E+00 0.000E+00 0.000E+00 0.000E+00
 0.000E+00 0.000E+00 2.158E-20 3.684E-20 1.332E-20 1.271E-20 1.902E-20 2.545E-20
 3.439E-20 4.481E-20 5.924E-20 6.615E-20 7.580E-20 8.767E-20 9.500E-20 1.032E-19
 1.149E-19 1.149E-19 1.285E-19 1.320E-19 1.320E-19 1.320E-19 1.461E-19 1.611E-19
 1.611E-19 1.611E-19 1.611E-19 1.818E-19 1.882E-19 1.882E-19 1.882E-19 1.882E-19
 2.139E-19 2.167E-19 2.167E-19 2.167E-19 2.439E-19 2.539E-19 2.539E-19 2.879E-19
 3.289E-19 3.979E-19 4.631E-19 5.184E-19 5.647E-19 6.015E-19 3.588E-19 1.046E-20
 0.000E+00 0.000E+00 0.000E+00 0.000E+00
 
 
