 openfile=XO3_JPL11Y.dat                                                                  
Table 4A-4. Absorption Cross Sections of O3 at 293-298K & 218K (1e-20)          
 species:qO1D  
Table 4A-5. Parameters for the Calculation of O(1D)                             
pratmbin#    solflx XO3: 218K      258K      298K q1D: 218K      258K      298K 
Phot    1 1.090E+11 7.990E-19 7.990E-19 7.990E-19 4.800E-01 4.800E-01 4.800E-01
Phot    2 1.531E+11 7.901E-19 7.901E-19 7.901E-19 4.800E-01 4.800E-01 4.800E-01
Phot    3 1.693E+11 7.820E-19 7.820E-19 7.820E-19 4.800E-01 4.800E-01 4.800E-01
Phot    4 2.414E+11 7.630E-19 7.630E-19 7.630E-19 4.800E-01 4.800E-01 4.800E-01
Phot    5 3.344E+11 7.346E-19 7.346E-19 7.346E-19 4.800E-01 4.800E-01 4.800E-01
Phot    6 3.407E+11 6.996E-19 6.996E-19 6.996E-19 4.800E-01 4.800E-01 4.800E-01
Phot    7 3.928E+11 6.395E-19 6.395E-19 6.395E-19 4.800E-01 4.800E-01 4.800E-01
Phot    8 5.466E+11 5.886E-19 5.886E-19 5.886E-19 4.800E-01 4.800E-01 4.800E-01
Phot    9 7.100E+11 5.366E-19 5.366E-19 5.366E-19 4.802E-01 4.802E-01 4.802E-01
Phot   10 9.283E+11 4.791E-19 4.791E-19 4.791E-19 4.989E-01 4.989E-01 4.989E-01
Phot   11 1.011E+12 4.151E-19 4.151E-19 4.151E-19 5.309E-01 5.309E-01 5.309E-01
Phot   12 1.493E+12 3.654E-19 3.666E-19 3.678E-19 5.635E-01 5.635E-01 5.635E-01
Phot   13 8.541E+11 3.354E-19 3.378E-19 3.400E-19 5.895E-01 5.895E-01 5.895E-01
Phot   14 1.024E+12 3.200E-19 3.221E-19 3.240E-19 6.095E-01 6.095E-01 6.095E-01
Phot   15 2.065E+12 3.144E-19 3.158E-19 3.172E-19 6.378E-01 6.378E-01 6.378E-01
Phot   16 1.418E+12 3.240E-19 3.250E-19 3.260E-19 6.655E-01 6.655E-01 6.655E-01
Phot   17 2.816E+12 3.692E-19 3.698E-19 3.703E-19 6.938E-01 6.938E-01 6.938E-01
Phot   18 4.655E+12 4.829E-19 4.824E-19 4.820E-19 7.351E-01 7.350E-01 7.350E-01
Phot   19 9.907E+12 6.515E-19 6.500E-19 6.485E-19 7.763E-01 7.763E-01 7.763E-01
Phot   20 1.200E+13 9.326E-19 9.305E-19 9.285E-19 8.182E-01 8.182E-01 8.182E-01
Phot   21 1.212E+13 1.338E-18 1.332E-18 1.328E-18 8.603E-01 8.603E-01 8.604E-01
Phot   22 1.556E+13 1.812E-18 1.804E-18 1.796E-18 8.954E-01 8.954E-01 8.954E-01
Phot   23 2.238E+13 2.525E-18 2.519E-18 2.513E-18 9.000E-01 9.000E-01 9.000E-01
Phot   24 2.140E+13 3.585E-18 3.578E-18 3.571E-18 9.000E-01 9.000E-01 9.000E-01
Phot   25 2.422E+13 4.833E-18 4.824E-18 4.816E-18 9.000E-01 9.000E-01 9.000E-01
Phot   26 2.530E+13 6.435E-18 6.440E-18 6.445E-18 9.000E-01 9.000E-01 9.000E-01
Phot   27 2.885E+13 8.241E-18 8.255E-18 8.268E-18 9.000E-01 9.000E-01 9.000E-01
Phot   28 4.035E+13 9.823E-18 9.849E-18 9.874E-18 9.000E-01 9.000E-01 9.000E-01
Phot   29 3.882E+13 1.105E-17 1.109E-17 1.113E-17 9.000E-01 9.000E-01 9.000E-01
Phot   30 7.910E+13 1.112E-17 1.120E-17 1.128E-17 9.000E-01 9.000E-01 9.000E-01
Phot   31 1.097E+14 9.869E-18 9.954E-18 1.003E-17 9.000E-01 9.000E-01 9.000E-01
Phot   32 1.753E+14 8.485E-18 8.572E-18 8.652E-18 9.000E-01 9.000E-01 9.000E-01
Phot   33 1.384E+14 6.479E-18 6.566E-18 6.647E-18 9.000E-01 9.000E-01 9.000E-01
Phot   34 1.200E+14 4.815E-18 4.896E-18 4.972E-18 9.000E-01 9.000E-01 9.000E-01
Phot   35 1.111E+14 3.077E-18 3.140E-18 3.199E-18 9.000E-01 9.000E-01 9.000E-01
Phot   36 1.050E+14 2.434E-18 2.488E-18 2.538E-18 9.000E-01 9.000E-01 9.000E-01
Phot   37 1.256E+14 1.750E-18 1.797E-18 1.840E-18 9.000E-01 9.000E-01 9.000E-01
Phot   38 1.608E+14 1.308E-18 1.352E-18 1.392E-18 9.000E-01 9.000E-01 9.000E-01
Phot   39 1.665E+14 1.050E-18 1.092E-18 1.130E-18 9.000E-01 9.000E-01 9.000E-01
Phot   40 1.599E+14 8.616E-19 8.983E-19 9.321E-19 9.000E-01 9.000E-01 9.000E-01
Phot   41 1.463E+14 5.940E-19 6.236E-19 6.510E-19 9.000E-01 9.000E-01 9.000E-01
Phot   42 1.165E+14 5.940E-19 6.236E-19 6.510E-19 9.000E-01 9.000E-01 9.000E-01
Phot   43 9.425E+13 4.417E-19 4.662E-19 4.889E-19 9.000E-01 9.000E-01 9.000E-01
Phot   44 6.475E+13 3.510E-19 3.723E-19 3.920E-19 9.000E-01 9.000E-01 9.000E-01
Phot   45 7.148E+13 3.061E-19 3.259E-19 3.441E-19 9.000E-01 9.000E-01 9.000E-01
Phot   46 6.859E+13 2.700E-19 2.877E-19 3.041E-19 9.000E-01 9.000E-01 9.000E-01
Phot   47 9.327E+13 2.298E-19 2.470E-19 2.629E-19 9.000E-01 9.000E-01 9.000E-01
Phot   48 9.517E+13 2.066E-19 2.213E-19 2.348E-19 9.000E-01 9.000E-01 9.000E-01
Phot   49 1.008E+14 1.738E-19 1.884E-19 2.018E-19 9.000E-01 9.000E-01 9.000E-01
Phot   50 8.890E+13 1.565E-19 1.685E-19 1.796E-19 8.836E-01 8.855E-01 8.907E-01
Phot   51 8.983E+13 1.336E-19 1.450E-19 1.556E-19 8.377E-01 8.451E-01 8.620E-01
Phot   52 1.052E+14 1.163E-19 1.268E-19 1.365E-19 7.511E-01 7.663E-01 7.963E-01
Phot   53 8.814E+13 1.043E-19 1.137E-19 1.224E-19 6.053E-01 6.328E-01 6.815E-01
Phot   54 8.546E+13 8.629E-20 9.515E-20 1.034E-19 4.170E-01 4.592E-01 5.303E-01
Phot   55 1.209E+14 7.776E-20 8.548E-20 9.261E-20 2.582E-01 3.097E-01 3.972E-01
Phot   56 1.044E+14 6.566E-20 7.304E-20 7.988E-20 1.703E-01 2.223E-01 3.159E-01
Phot   57 1.162E+14 5.686E-20 6.361E-20 6.985E-20 1.246E-01 1.735E-01 2.683E-01
Phot   58 1.160E+14 5.064E-20 5.688E-20 6.266E-20 1.051E-01 1.517E-01 2.471E-01
Phot   59 1.303E+14 4.059E-20 4.625E-20 5.148E-20 9.826E-02 1.438E-01 2.390E-01
Phot   60 1.554E+14 3.460E-20 3.943E-20 4.390E-20 9.571E-02 1.385E-01 2.284E-01
Phot   61 1.794E+14 2.894E-20 3.316E-20 3.706E-20 9.309E-02 1.303E-01 2.084E-01
Phot   62 1.922E+14 2.262E-20 2.615E-20 2.941E-20 8.898E-02 1.171E-01 1.762E-01
Phot   63 2.728E+14 1.602E-20 1.902E-20 2.180E-20 8.457E-02 1.027E-01 1.408E-01
Phot   64 6.014E+14 9.806E-21 1.184E-20 1.372E-20 7.927E-02 8.532E-02 9.791E-02
Phot   65 1.338E+15 4.120E-21 5.130E-21 6.065E-21 7.945E-02 7.969E-02 8.021E-02
Phot   66 1.640E+15 1.088E-21 1.410E-21 1.708E-21 5.061E-02 5.219E-02 5.311E-02
Phot   67 1.779E+15 3.739E-22 3.739E-22 3.739E-22 0.000E+00 0.000E+00 0.000E+00
Phot   68 1.761E+15 7.506E-23 7.506E-23 7.506E-23 0.000E+00 0.000E+00 0.000E+00
Phot   69 2.143E+15 1.668E-23 1.668E-23 1.668E-23 0.000E+00 0.000E+00 0.000E+00
Phot   70 3.104E+15 6.277E-24 6.277E-24 6.277E-24 0.000E+00 0.000E+00 0.000E+00
Phot   71 6.678E+15 1.562E-23 1.562E-23 1.562E-23 0.000E+00 0.000E+00 0.000E+00
Phot   72 9.192E+15 5.830E-23 5.830E-23 5.830E-23 0.000E+00 0.000E+00 0.000E+00
Phot   73 2.255E+16 3.786E-22 3.786E-22 3.786E-22 0.000E+00 0.000E+00 0.000E+00
Phot   74 3.737E+16 2.219E-21 2.219E-21 2.219E-21 0.000E+00 0.000E+00 0.000E+00
Phot   75 3.967E+16 4.448E-21 4.448E-21 4.448E-21 0.000E+00 0.000E+00 0.000E+00
Phot   76 7.172E+16 1.142E-21 1.142E-21 1.142E-21 0.000E+00 0.000E+00 0.000E+00
Phot   77 1.712E+17 2.683E-23 2.683E-23 2.683E-23 0.000E+00 0.000E+00 0.000E+00
Phot   78 1.600E+16 0.000E+00 0.000E+00 0.000E+00 0.000E+00 0.000E+00 0.000E+00
Phot   79 7.760E+16 0.000E+00 0.000E+00 0.000E+00 0.000E+00 0.000E+00 0.000E+00
Phot   80 5.184E+16 0.000E+00 0.000E+00 0.000E+00 0.000E+00 0.000E+00 0.000E+00
Phot   81 1.889E+16 0.000E+00 0.000E+00 0.000E+00 0.000E+00 0.000E+00 0.000E+00
Phot   82 0.000E+00 0.000E+00 0.000E+00 0.000E+00 0.000E+00 0.000E+00 0.000E+00
Phot   83 0.000E+00 0.000E+00 0.000E+00 0.000E+00 0.000E+00 0.000E+00 0.000E+00
Phot   84 0.000E+00 0.000E+00 0.000E+00 0.000E+00 0.000E+00 0.000E+00 0.000E+00
Phot   85 0.000E+00 0.000E+00 0.000E+00 0.000E+00 0.000E+00 0.000E+00 0.000E+00
SJ   bin#    solflx XO3: 218K      258K      298K q1D: 218K      258K      298K 
Phot    1 1.391E+12 5.992E-19 5.993E-19 5.994E-19 4.896E-01 4.896E-01 4.896E-01
Phot    2 1.625E+12 4.866E-19 4.869E-19 4.873E-19 5.071E-01 5.071E-01 5.072E-01
Phot    3 1.660E+12 4.310E-19 4.317E-19 4.323E-19 5.266E-01 5.267E-01 5.268E-01
Phot    4 9.238E+11 3.657E-19 3.670E-19 3.681E-19 5.646E-01 5.646E-01 5.647E-01
Phot    5 7.820E+12 3.403E-19 3.414E-19 3.425E-19 6.550E-01 6.549E-01 6.549E-01
Phot    6 4.655E+12 4.829E-19 4.824E-19 4.820E-19 7.351E-01 7.350E-01 7.350E-01
Phot    7 9.907E+12 6.515E-19 6.500E-19 6.485E-19 7.763E-01 7.763E-01 7.763E-01
Phot    8 1.214E+13 9.272E-19 9.251E-19 9.231E-19 8.162E-01 8.162E-01 8.162E-01
Phot    9 6.359E+14 8.764E-18 8.837E-18 8.904E-18 9.000E-01 9.000E-01 9.000E-01
Phot   10 4.041E+14 3.528E-18 3.582E-18 3.632E-18 9.000E-01 9.000E-01 9.000E-01
Phot   11 3.140E+14 1.511E-18 1.551E-18 1.589E-18 8.984E-01 8.984E-01 8.985E-01
Phot   12 5.893E+14 7.955E-19 8.304E-19 8.626E-19 9.000E-01 9.000E-01 9.000E-01
Phot   13 7.670E+14 2.468E-19 2.636E-19 2.791E-19 8.948E-01 8.954E-01 8.968E-01
Phot   14 5.041E+14 8.939E-20 9.810E-20 1.062E-19 4.755E-01 5.095E-01 5.709E-01
Phot   15 8.895E+14 3.675E-20 4.173E-20 4.634E-20 1.023E-01 1.444E-01 2.309E-01
Phot   16 3.852E+15 4.560E-21 5.578E-21 6.520E-21 7.773E-02 8.415E-02 9.735E-02
Phot   17 4.721E+16 2.125E-22 2.125E-22 2.125E-22 0.000E+00 0.000E+00 0.000E+00
Phot   18 1.488E+17 2.294E-21 2.294E-21 2.294E-21 0.000E+00 0.000E+00 0.000E+00
Phot   19 1.712E+17 2.683E-23 2.683E-23 2.683E-23 0.000E+00 0.000E+00 0.000E+00
Phot   20 1.600E+16 0.000E+00 0.000E+00 0.000E+00 0.000E+00 0.000E+00 0.000E+00
Phot   21 7.760E+16 0.000E+00 0.000E+00 0.000E+00 0.000E+00 0.000E+00 0.000E+00
Phot   22 5.184E+16 0.000E+00 0.000E+00 0.000E+00 0.000E+00 0.000E+00 0.000E+00
Phot   23 1.889E+16 0.000E+00 0.000E+00 0.000E+00 0.000E+00 0.000E+00 0.000E+00
Phot   24 0.000E+00 0.000E+00 0.000E+00 0.000E+00 0.000E+00 0.000E+00 0.000E+00
Phot   25 0.000E+00 0.000E+00 0.000E+00 0.000E+00 0.000E+00 0.000E+00 0.000E+00
Phot   26 0.000E+00 0.000E+00 0.000E+00 0.000E+00 0.000E+00 0.000E+00 0.000E+00
Phot   27 0.000E+00 0.000E+00 0.000E+00 0.000E+00 0.000E+00 0.000E+00 0.000E+00
NB: Xs in bin19 are consolidated in bin18 below
xO3   
 218a 5.992E-19 4.866E-19 4.310E-19 3.657E-19 3.403E-19 4.829E-19 xO3   
 218b 6.515E-19 9.272E-19 8.764E-18 3.528E-18 1.511E-18 7.955E-19 xO3   
 218c 2.468E-19 8.939E-20 3.675E-20 4.560E-21 2.125E-22 2.325E-21 xO3   
xO3   
 258a 5.993E-19 4.869E-19 4.317E-19 3.670E-19 3.414E-19 4.824E-19 xO3   
 258b 6.500E-19 9.251E-19 8.837E-18 3.582E-18 1.551E-18 8.304E-19 xO3   
 258c 2.636E-19 9.810E-20 4.173E-20 5.578E-21 2.125E-22 2.325E-21 xO3   
xO3   
 298a 5.994E-19 4.873E-19 4.323E-19 3.681E-19 3.425E-19 4.820E-19 xO3   
 298b 6.485E-19 9.231E-19 8.904E-18 3.632E-18 1.589E-18 8.626E-19 xO3   
 298c 2.791E-19 1.062E-19 4.634E-20 6.520E-21 2.125E-22 2.325E-21 xO3   
qO1D  
 218a 4.896E-01 5.071E-01 5.266E-01 5.646E-01 6.550E-01 7.351E-01 qO1D  
 218b 7.763E-01 8.162E-01 9.000E-01 9.000E-01 8.984E-01 9.000E-01 qO1D  
 218c 8.948E-01 4.755E-01 1.023E-01 7.773E-02 0.000E+00 0.000E+00 qO1D  
qO1D  
 258a 4.896E-01 5.071E-01 5.267E-01 5.646E-01 6.549E-01 7.350E-01 qO1D  
 258b 7.763E-01 8.162E-01 9.000E-01 9.000E-01 8.984E-01 9.000E-01 qO1D  
 258c 8.954E-01 5.095E-01 1.444E-01 8.415E-02 0.000E+00 0.000E+00 qO1D  
qO1D  
 298a 4.896E-01 5.072E-01 5.268E-01 5.647E-01 6.549E-01 7.350E-01 qO1D  
 298b 7.763E-01 8.162E-01 9.000E-01 9.000E-01 8.985E-01 9.000E-01 qO1D  
 298c 8.968E-01 5.709E-01 2.309E-01 9.735E-02 0.000E+00 0.000E+00 qO1D  
