species: NO2
Table 4C-2. Recommended Absorption Cross Sections of NO2 at 220 and 294 K
     220.0     294.0  1.00E-20
   90(2f8.2,2f8.3)
Table 4C-3. Recommended Quantum Yields for NO2 Photolysis (at 248K & 298K)
     248.0     298.0
   25(f6.0,2f7.2)

>>>> Note, the extension 'e' mean logarithmic extrapolation of q & X to 200K & 300K
>>>>  The default is to limit the range to the tables, hard ot do for NO2
>>>>  Prefix 'x' means just the absorption X-section, no quantum yields applied
>>>>  Solar fluxes are incldued to show it is v80 or higher.
>>>> Order of printout rearranged

NO2                            NO2+hv=NO+O   JPL15
 200a 0.000E+00 0.000E+00 0.000E+00 0.000E+00 0.000E+00 0.000E+00 NO2
 200b 0.000E+00 0.000E+00 1.910E-20 4.676E-20 7.648E-20 1.073E-19 NO2
 200c 1.469E-19 1.838E-19 2.201E-19 3.199E-19 1.464E-19 0.000E+00 NO2
NO2                            NO2+hv=NO+O   JPL15
 300a 0.000E+00 0.000E+00 0.000E+00 0.000E+00 0.000E+00 0.000E+00 NO2
 300b 0.000E+00 0.000E+00 2.307E-20 4.678E-20 7.529E-20 1.062E-19 NO2
 300c 1.474E-19 1.867E-19 2.291E-19 3.445E-19 1.543E-19 0.000E+00 NO2

>>>>  This is the default tables for photolysis
NO2e                           NO2+hv=NO+O   JPL15
 200a 0.000E+00 0.000E+00 0.000E+00 0.000E+00 0.000E+00 0.000E+00 NO2e
 200b 0.000E+00 0.000E+00 1.829E-20 4.676E-20 7.680E-20 1.076E-19 NO2e
 200c 1.468E-19 1.830E-19 2.177E-19 3.135E-19 1.423E-19 0.000E+00 NO2e
NO2e                           NO2+hv=NO+O   JPL15
 300a 0.000E+00 0.000E+00 0.000E+00 0.000E+00 0.000E+00 0.000E+00 NO2e
 300b 0.000E+00 0.000E+00 2.350E-20 4.678E-20 7.519E-20 1.061E-19 NO2e
 300c 1.475E-19 1.869E-19 2.299E-19 3.466E-19 1.548E-19 0.000E+00 NO2e

xNO2                           NO2+hv=absorp JPL15
 200a 0.000E+00 0.000E+00 0.000E+00 0.000E+00 0.000E+00 0.000E+00 xNO2
 200b 0.000E+00 0.000E+00 1.910E-20 4.676E-20 7.648E-20 1.073E-19 xNO2
 200c 1.469E-19 1.838E-19 2.201E-19 3.199E-19 4.886E-19 5.369E-20 xNO2
xNO2                           NO2+hv=absorp JPL15
 300a 0.000E+00 0.000E+00 0.000E+00 0.000E+00 0.000E+00 0.000E+00 xNO2
 300b 0.000E+00 0.000E+00 2.307E-20 4.678E-20 7.529E-20 1.062E-19 xNO2
 300c 1.474E-19 1.867E-19 2.291E-19 3.445E-19 4.964E-19 5.532E-20 xNO2

>>>> These are the new NO2 ABSORPTION tables (using just 300K for tests)
xNO2e                          NO2+hv=absorp JPL15
 200a 0.000E+00 0.000E+00 0.000E+00 0.000E+00 0.000E+00 0.000E+00 xNO2e
 200b 0.000E+00 0.000E+00 1.829E-20 4.676E-20 7.680E-20 1.076E-19 xNO2e
 200c 1.468E-19 1.830E-19 2.177E-19 3.135E-19 4.866E-19 5.328E-20 xNO2e
xNO2e                          NO2+hv=absorp JPL15
 300a 0.000E+00 0.000E+00 0.000E+00 0.000E+00 0.000E+00 0.000E+00 xNO2e
 300b 0.000E+00 0.000E+00 2.350E-20 4.678E-20 7.519E-20 1.061E-19 xNO2e
 300c 1.475E-19 1.869E-19 2.299E-19 3.466E-19 4.970E-19 5.546E-20 xNO2e

SolarFlux new80
    a 1.391E+12 1.625E+12 1.660E+12 9.238E+11 7.820E+12 4.655E+12 Sphot
    b 9.907E+12 1.214E+13 6.359E+14 4.041E+14 3.140E+14 5.893E+14 Sphot
    c 7.670E+14 5.041E+14 8.895E+14 3.852E+15 4.721E+16 1.488E+17 Sphot
    c 7.670E+14 5.041E+14 8.895E+14 3.852E+15 4.721E+16 1.488E+17 Sphot

>>>>  pratmo tables
NO2    200.
 0.000E+00 0.000E+00 0.000E+00 0.000E+00 0.000E+00 0.000E+00 0.000E+00 0.000E+00
 0.000E+00 0.000E+00 0.000E+00 0.000E+00 0.000E+00 0.000E+00 0.000E+00 0.000E+00
 0.000E+00 0.000E+00 0.000E+00 0.000E+00 0.000E+00 0.000E+00 0.000E+00 0.000E+00
 0.000E+00 0.000E+00 1.507E-20 1.921E-20 4.641E-21 7.751E-21 1.581E-20 2.244E-20
 3.231E-20 4.371E-20 5.953E-20 6.701E-20 7.720E-20 8.907E-20 9.640E-20 1.045E-19
 1.160E-19 1.160E-19 1.287E-19 1.320E-19 1.320E-19 1.320E-19 1.456E-19 1.600E-19
 1.600E-19 1.600E-19 1.600E-19 1.791E-19 1.850E-19 1.850E-19 1.850E-19 1.850E-19
 2.058E-19 2.080E-19 2.080E-19 2.080E-19 2.329E-19 2.420E-19 2.420E-19 2.717E-19
 3.030E-19 3.643E-19 4.346E-19 5.006E-19 5.548E-19 5.933E-19 3.256E-19 5.587E-21
 0.000E+00 0.000E+00 0.000E+00 0.000E+00
NO2e   200.
 0.000E+00 0.000E+00 0.000E+00 0.000E+00 0.000E+00 0.000E+00 0.000E+00 0.000E+00
 0.000E+00 0.000E+00 0.000E+00 0.000E+00 0.000E+00 0.000E+00 0.000E+00 0.000E+00
 0.000E+00 0.000E+00 0.000E+00 0.000E+00 0.000E+00 0.000E+00 0.000E+00 0.000E+00
 0.000E+00 0.000E+00 1.378E-20 1.664E-20 3.692E-21 6.881E-21 1.510E-20 2.175E-20
 3.181E-20 4.344E-20 5.961E-20 6.723E-20 7.756E-20 8.943E-20 9.675E-20 1.048E-19
 1.163E-19 1.163E-19 1.287E-19 1.320E-19 1.320E-19 1.320E-19 1.455E-19 1.597E-19
 1.597E-19 1.597E-19 1.597E-19 1.784E-19 1.842E-19 1.842E-19 1.842E-19 1.842E-19
 2.038E-19 2.059E-19 2.059E-19 2.059E-19 2.302E-19 2.391E-19 2.391E-19 2.678E-19
 2.969E-19 3.563E-19 4.278E-19 4.963E-19 5.523E-19 5.913E-19 3.049E-19 3.265E-21
 0.000E+00 0.000E+00 0.000E+00 0.000E+00
xNO2   200.
 0.000E+00 0.000E+00 0.000E+00 0.000E+00 0.000E+00 0.000E+00 0.000E+00 0.000E+00
 0.000E+00 0.000E+00 0.000E+00 0.000E+00 0.000E+00 0.000E+00 0.000E+00 0.000E+00
 0.000E+00 0.000E+00 0.000E+00 0.000E+00 0.000E+00 0.000E+00 0.000E+00 0.000E+00
 0.000E+00 0.000E+00 1.507E-20 1.921E-20 4.641E-21 7.751E-21 1.581E-20 2.244E-20
 3.231E-20 4.371E-20 5.953E-20 6.701E-20 7.720E-20 8.907E-20 9.640E-20 1.045E-19
 1.160E-19 1.160E-19 1.287E-19 1.320E-19 1.320E-19 1.320E-19 1.456E-19 1.600E-19
 1.600E-19 1.600E-19 1.600E-19 1.791E-19 1.850E-19 1.850E-19 1.850E-19 1.850E-19
 2.058E-19 2.080E-19 2.080E-19 2.080E-19 2.329E-19 2.420E-19 2.420E-19 2.717E-19
 3.030E-19 3.643E-19 4.346E-19 5.006E-19 5.548E-19 5.933E-19 6.072E-19 5.663E-19
 4.045E-19 1.681E-19 3.876E-20 2.339E-21
xNO2e  200.
 0.000E+00 0.000E+00 0.000E+00 0.000E+00 0.000E+00 0.000E+00 0.000E+00 0.000E+00
 0.000E+00 0.000E+00 0.000E+00 0.000E+00 0.000E+00 0.000E+00 0.000E+00 0.000E+00
 0.000E+00 0.000E+00 0.000E+00 0.000E+00 0.000E+00 0.000E+00 0.000E+00 0.000E+00
 0.000E+00 0.000E+00 1.378E-20 1.664E-20 3.692E-21 6.881E-21 1.510E-20 2.175E-20
 3.181E-20 4.344E-20 5.961E-20 6.723E-20 7.756E-20 8.943E-20 9.675E-20 1.048E-19
 1.163E-19 1.163E-19 1.287E-19 1.320E-19 1.320E-19 1.320E-19 1.455E-19 1.597E-19
 1.597E-19 1.597E-19 1.597E-19 1.784E-19 1.842E-19 1.842E-19 1.842E-19 1.842E-19
 2.038E-19 2.059E-19 2.059E-19 2.059E-19 2.302E-19 2.391E-19 2.391E-19 2.678E-19
 2.969E-19 3.563E-19 4.278E-19 4.963E-19 5.523E-19 5.913E-19 6.050E-19 5.644E-19
 4.030E-19 1.672E-19 3.816E-20 2.298E-21

NO2    300.
 0.000E+00 0.000E+00 0.000E+00 0.000E+00 0.000E+00 0.000E+00 0.000E+00 0.000E+00
 0.000E+00 0.000E+00 0.000E+00 0.000E+00 0.000E+00 0.000E+00 0.000E+00 0.000E+00
 0.000E+00 0.000E+00 0.000E+00 0.000E+00 0.000E+00 0.000E+00 0.000E+00 0.000E+00
 0.000E+00 0.000E+00 2.101E-20 3.492E-20 1.219E-20 1.223E-20 1.876E-20 2.521E-20
 3.423E-20 4.473E-20 5.926E-20 6.621E-20 7.590E-20 8.777E-20 9.510E-20 1.033E-19
 1.150E-19 1.150E-19 1.285E-19 1.320E-19 1.320E-19 1.320E-19 1.461E-19 1.610E-19
 1.610E-19 1.610E-19 1.610E-19 1.816E-19 1.880E-19 1.880E-19 1.880E-19 1.880E-19
 2.133E-19 2.160E-19 2.160E-19 2.160E-19 2.431E-19 2.530E-19 2.530E-19 2.867E-19
 3.269E-19 3.953E-19 4.609E-19 5.170E-19 5.639E-19 6.009E-19 3.572E-19 1.020E-20
 0.000E+00 0.000E+00 0.000E+00 0.000E+00
NO2e   300.
 0.000E+00 0.000E+00 0.000E+00 0.000E+00 0.000E+00 0.000E+00 0.000E+00 0.000E+00
 0.000E+00 0.000E+00 0.000E+00 0.000E+00 0.000E+00 0.000E+00 0.000E+00 0.000E+00
 0.000E+00 0.000E+00 0.000E+00 0.000E+00 0.000E+00 0.000E+00 0.000E+00 0.000E+00
 0.000E+00 0.000E+00 2.158E-20 3.684E-20 1.332E-20 1.271E-20 1.902E-20 2.545E-20
 3.439E-20 4.481E-20 5.924E-20 6.615E-20 7.580E-20 8.767E-20 9.500E-20 1.032E-19
 1.149E-19 1.149E-19 1.285E-19 1.320E-19 1.320E-19 1.320E-19 1.461E-19 1.611E-19
 1.611E-19 1.611E-19 1.611E-19 1.818E-19 1.882E-19 1.882E-19 1.882E-19 1.882E-19
 2.139E-19 2.167E-19 2.167E-19 2.167E-19 2.439E-19 2.539E-19 2.539E-19 2.879E-19
 3.289E-19 3.979E-19 4.631E-19 5.184E-19 5.647E-19 6.015E-19 3.588E-19 1.046E-20
 0.000E+00 0.000E+00 0.000E+00 0.000E+00
xNO2   300.
 0.000E+00 0.000E+00 0.000E+00 0.000E+00 0.000E+00 0.000E+00 0.000E+00 0.000E+00
 0.000E+00 0.000E+00 0.000E+00 0.000E+00 0.000E+00 0.000E+00 0.000E+00 0.000E+00
 0.000E+00 0.000E+00 0.000E+00 0.000E+00 0.000E+00 0.000E+00 0.000E+00 0.000E+00
 0.000E+00 0.000E+00 2.101E-20 3.492E-20 1.219E-20 1.223E-20 1.876E-20 2.521E-20
 3.423E-20 4.473E-20 5.926E-20 6.621E-20 7.590E-20 8.777E-20 9.510E-20 1.033E-19
 1.150E-19 1.150E-19 1.285E-19 1.320E-19 1.320E-19 1.320E-19 1.461E-19 1.610E-19
 1.610E-19 1.610E-19 1.610E-19 1.816E-19 1.880E-19 1.880E-19 1.880E-19 1.880E-19
 2.133E-19 2.160E-19 2.160E-19 2.160E-19 2.431E-19 2.530E-19 2.530E-19 2.867E-19
 3.269E-19 3.953E-19 4.609E-19 5.170E-19 5.639E-19 6.009E-19 6.150E-19 5.733E-19
 4.102E-19 1.718E-19 4.108E-20 2.498E-21
xNO2e  300.
 0.000E+00 0.000E+00 0.000E+00 0.000E+00 0.000E+00 0.000E+00 0.000E+00 0.000E+00
 0.000E+00 0.000E+00 0.000E+00 0.000E+00 0.000E+00 0.000E+00 0.000E+00 0.000E+00
 0.000E+00 0.000E+00 0.000E+00 0.000E+00 0.000E+00 0.000E+00 0.000E+00 0.000E+00
 0.000E+00 0.000E+00 2.158E-20 3.684E-20 1.332E-20 1.271E-20 1.902E-20 2.545E-20
 3.439E-20 4.481E-20 5.924E-20 6.615E-20 7.580E-20 8.767E-20 9.500E-20 1.032E-19
 1.149E-19 1.149E-19 1.285E-19 1.320E-19 1.320E-19 1.320E-19 1.461E-19 1.611E-19
 1.611E-19 1.611E-19 1.611E-19 1.818E-19 1.882E-19 1.882E-19 1.882E-19 1.882E-19
 2.139E-19 2.167E-19 2.167E-19 2.167E-19 2.439E-19 2.539E-19 2.539E-19 2.879E-19
 3.289E-19 3.979E-19 4.631E-19 5.184E-19 5.647E-19 6.015E-19 6.157E-19 5.739E-19
 4.107E-19 1.721E-19 4.128E-20 2.512E-21
