 openfile=XNO3_JPL10tbl.dat
Table 4C-5. Absorption Cross Sections of NO3 at 298 K  (1.e-20)
pratmbin#    solflx    w-eff  X-Raylay    XNO3a & XNO3b @ 190K & 298K
Phot    1 1.090E+11    0.1779 6.582E-25 0.000E+00 0.000E+00 0.000E+00 0.000E+00
Phot    2 1.531E+11    0.1788 6.393E-25 0.000E+00 0.000E+00 0.000E+00 0.000E+00
Phot    3 1.693E+11    0.1798 6.179E-25 0.000E+00 0.000E+00 0.000E+00 0.000E+00
Phot    4 2.414E+11    0.1810 5.957E-25 0.000E+00 0.000E+00 0.000E+00 0.000E+00
Phot    5 3.344E+11    0.1823 5.726E-25 0.000E+00 0.000E+00 0.000E+00 0.000E+00
Phot    6 3.407E+11    0.1838 5.470E-25 0.000E+00 0.000E+00 0.000E+00 0.000E+00
Phot    7 3.928E+11    0.1856 5.202E-25 0.000E+00 0.000E+00 0.000E+00 0.000E+00
Phot    8 5.466E+11    0.1873 4.947E-25 0.000E+00 0.000E+00 0.000E+00 0.000E+00
Phot    9 7.100E+11    0.1892 4.690E-25 0.000E+00 0.000E+00 0.000E+00 0.000E+00
Phot   10 9.283E+11    0.1914 4.426E-25 0.000E+00 0.000E+00 0.000E+00 0.000E+00
Phot   11 1.011E+12    0.1937 4.164E-25 0.000E+00 0.000E+00 0.000E+00 0.000E+00
Phot   12 1.493E+12    0.1960 3.920E-25 0.000E+00 0.000E+00 0.000E+00 0.000E+00
Phot   13 8.541E+11    0.1978 3.741E-25 0.000E+00 0.000E+00 0.000E+00 0.000E+00
Phot   14 1.024E+12    0.1992 3.611E-25 0.000E+00 0.000E+00 0.000E+00 0.000E+00
Phot   15 2.065E+12    0.2013 3.437E-25 0.000E+00 0.000E+00 0.000E+00 0.000E+00
Phot   16 1.418E+12    0.2033 3.276E-25 0.000E+00 0.000E+00 0.000E+00 0.000E+00
Phot   17 2.816E+12    0.2052 3.125E-25 0.000E+00 0.000E+00 0.000E+00 0.000E+00
Phot   18 4.655E+12    0.2081 2.921E-25 0.000E+00 0.000E+00 0.000E+00 0.000E+00
Phot   19 9.907E+12    0.2111 2.731E-25 0.000E+00 0.000E+00 0.000E+00 0.000E+00
Phot   20 1.200E+13    0.2141 2.555E-25 0.000E+00 0.000E+00 0.000E+00 0.000E+00
Phot   21 1.212E+13    0.2171 2.393E-25 0.000E+00 0.000E+00 0.000E+00 0.000E+00
Phot   22 1.556E+13    0.2200 2.250E-25 0.000E+00 0.000E+00 0.000E+00 0.000E+00
Phot   23 2.238E+13    0.2234 2.095E-25 0.000E+00 0.000E+00 0.000E+00 0.000E+00
Phot   24 2.140E+13    0.2270 1.946E-25 0.000E+00 0.000E+00 0.000E+00 0.000E+00
Phot   25 2.422E+13    0.2310 1.794E-25 0.000E+00 0.000E+00 0.000E+00 0.000E+00
Phot   26 2.530E+13    0.2353 1.650E-25 0.000E+00 0.000E+00 0.000E+00 0.000E+00
Phot   27 2.885E+13    0.2401 1.505E-25 0.000E+00 0.000E+00 0.000E+00 0.000E+00
Phot   28 4.035E+13    0.2451 1.374E-25 0.000E+00 0.000E+00 0.000E+00 0.000E+00
Phot   29 3.882E+13    0.2509 1.236E-25 0.000E+00 0.000E+00 0.000E+00 0.000E+00
Phot   30 7.910E+13    0.2573 1.105E-25 0.000E+00 0.000E+00 0.000E+00 0.000E+00
Phot   31 1.097E+14    0.2634 9.974E-26 0.000E+00 0.000E+00 0.000E+00 0.000E+00
Phot   32 1.753E+14    0.2680 9.248E-26 0.000E+00 0.000E+00 0.000E+00 0.000E+00
Phot   33 1.384E+14    0.2727 8.566E-26 0.000E+00 0.000E+00 0.000E+00 0.000E+00
Phot   34 1.200E+14    0.2774 7.952E-26 0.000E+00 0.000E+00 0.000E+00 0.000E+00
Phot   35 1.111E+14    0.2821 7.385E-26 0.000E+00 0.000E+00 0.000E+00 0.000E+00
Phot   36 1.050E+14    0.2849 7.081E-26 0.000E+00 0.000E+00 0.000E+00 0.000E+00
Phot   37 1.256E+14    0.2877 6.786E-26 0.000E+00 0.000E+00 0.000E+00 0.000E+00
Phot   38 1.608E+14    0.2901 6.552E-26 0.000E+00 0.000E+00 0.000E+00 0.000E+00
Phot   39 1.665E+14    0.2919 6.372E-26 0.000E+00 0.000E+00 0.000E+00 0.000E+00
Phot   40 1.599E+14    0.2940 6.186E-26 0.000E+00 0.000E+00 0.000E+00 0.000E+00
Phot   41 1.463E+14    0.2958 6.017E-26 0.000E+00 0.000E+00 0.000E+00 0.000E+00
Phot   42 1.165E+14    0.2975 5.873E-26 0.000E+00 0.000E+00 0.000E+00 0.000E+00
Phot   43 9.425E+13    0.2989 5.757E-26 0.000E+00 0.000E+00 0.000E+00 0.000E+00
Phot   44 6.475E+13    0.3000 5.670E-26 0.000E+00 0.000E+00 0.000E+00 0.000E+00
Phot   45 7.148E+13    0.3010 5.588E-26 0.000E+00 0.000E+00 0.000E+00 0.000E+00
Phot   46 6.859E+13    0.3020 5.511E-26 0.000E+00 0.000E+00 0.000E+00 0.000E+00
Phot   47 9.327E+13    0.3030 5.430E-26 0.000E+00 0.000E+00 0.000E+00 0.000E+00
Phot   48 9.517E+13    0.3040 5.357E-26 0.000E+00 0.000E+00 0.000E+00 0.000E+00
Phot   49 1.008E+14    0.3050 5.281E-26 0.000E+00 0.000E+00 0.000E+00 0.000E+00
Phot   50 8.890E+13    0.3060 5.208E-26 0.000E+00 0.000E+00 0.000E+00 0.000E+00
Phot   51 8.983E+13    0.3070 5.136E-26 0.000E+00 0.000E+00 0.000E+00 0.000E+00
Phot   52 1.052E+14    0.3079 5.067E-26 0.000E+00 0.000E+00 0.000E+00 0.000E+00
Phot   53 8.814E+13    0.3089 4.999E-26 0.000E+00 0.000E+00 0.000E+00 0.000E+00
Phot   54 8.546E+13    0.3100 4.928E-26 0.000E+00 0.000E+00 0.000E+00 0.000E+00
Phot   55 1.209E+14    0.3110 4.859E-26 0.000E+00 0.000E+00 0.000E+00 0.000E+00
Phot   56 1.044E+14    0.3119 4.796E-26 0.000E+00 0.000E+00 0.000E+00 0.000E+00
Phot   57 1.162E+14    0.3130 4.730E-26 0.000E+00 0.000E+00 0.000E+00 0.000E+00
Phot   58 1.160E+14    0.3140 4.665E-26 0.000E+00 0.000E+00 0.000E+00 0.000E+00
Phot   59 1.303E+14    0.3151 4.595E-26 0.000E+00 0.000E+00 0.000E+00 0.000E+00
Phot   60 1.554E+14    0.3165 4.510E-26 0.000E+00 0.000E+00 0.000E+00 0.000E+00
Phot   61 1.794E+14    0.3179 4.426E-26 0.000E+00 0.000E+00 0.000E+00 0.000E+00
Phot   62 1.922E+14    0.3195 4.331E-26 0.000E+00 0.000E+00 0.000E+00 0.000E+00
Phot   63 2.728E+14    0.3213 4.226E-26 0.000E+00 0.000E+00 0.000E+00 0.000E+00
Phot   64 6.014E+14    0.3249 4.034E-26 0.000E+00 0.000E+00 0.000E+00 0.000E+00
Phot   65 1.338E+15    0.3309 3.733E-26 0.000E+00 0.000E+00 0.000E+00 0.000E+00
Phot   66 1.640E+15    0.3400 3.331E-26 0.000E+00 0.000E+00 0.000E+00 0.000E+00
Phot   67 1.779E+15    0.3502 2.942E-26 0.000E+00 0.000E+00 0.000E+00 0.000E+00
Phot   68 1.761E+15    0.3601 2.615E-26 0.000E+00 0.000E+00 0.000E+00 0.000E+00
Phot   69 2.143E+15    0.3698 2.340E-26 0.000E+00 0.000E+00 0.000E+00 0.000E+00
Phot   70 3.104E+15    0.3823 2.040E-26 0.000E+00 0.000E+00 0.000E+00 0.000E+00
Phot   71 6.678E+15    0.4024 1.649E-26 1.353E-20 0.000E+00 9.700E-21 0.000E+00
Phot   72 9.192E+15    0.4249 1.317E-26 1.612E-19 0.000E+00 1.156E-19 0.000E+00
Phot   73 2.255E+16    0.4621 9.378E-27 6.886E-19 0.000E+00 4.936E-19 0.000E+00
Phot   74 3.737E+16    0.5232 5.688E-27 2.721E-18 0.000E+00 1.950E-18 0.000E+00
Phot   75 3.967E+16    0.5976 3.294E-27 2.237E-18 7.433E-19 2.007E-18 5.225E-19
Phot   76 3.354E+16    0.6674 2.091E-27 5.838E-22 4.061E-21 1.474E-20 4.168E-20
Phot   77 2.029E+17    0.9357 6.812E-28 0.000E+00 0.000E+00 0.000E+00 0.000E+00
Phot   78 1.707E+17    1.5877 7.936E-29 0.000E+00 0.000E+00 0.000E+00 0.000E+00
Phot   79 0.000E+00    0.0000 0.000E+00 0.000E+00 0.000E+00 0.000E+00 0.000E+00
pratmbin#    solflx    w-eff  X-Raylay    XNO3a & XNO3b @ 190K & 298K
Phot    1 1.391E+12    0.1870 5.074E-25 0.000E+00 0.000E+00 0.000E+00 0.000E+00
Phot    2 1.625E+12    0.1913 4.479E-25 0.000E+00 0.000E+00 0.000E+00 0.000E+00
Phot    3 1.660E+12    0.1937 4.193E-25 0.000E+00 0.000E+00 0.000E+00 0.000E+00
Phot    4 9.238E+11    0.1962 3.902E-25 0.000E+00 0.000E+00 0.000E+00 0.000E+00
Phot    5 7.820E+12    0.2024 3.355E-25 0.000E+00 0.000E+00 0.000E+00 0.000E+00
Phot    6 4.655E+12    0.2081 2.921E-25 0.000E+00 0.000E+00 0.000E+00 0.000E+00
Phot    7 9.907E+12    0.2111 2.731E-25 0.000E+00 0.000E+00 0.000E+00 0.000E+00
Phot    8 1.214E+13    0.2138 2.577E-25 0.000E+00 0.000E+00 0.000E+00 0.000E+00
Phot    9 6.359E+14    0.2618 1.048E-25 0.000E+00 0.000E+00 0.000E+00 0.000E+00
Phot   10 4.041E+14    0.2722 9.498E-26 0.000E+00 0.000E+00 0.000E+00 0.000E+00
Phot   11 3.140E+14    0.2828 8.106E-26 0.000E+00 0.000E+00 0.000E+00 0.000E+00
Phot   12 5.893E+14    0.2946 6.135E-26 0.000E+00 0.000E+00 0.000E+00 0.000E+00
Phot   13 7.670E+14    0.3032 5.424E-26 0.000E+00 0.000E+00 0.000E+00 0.000E+00
Phot   14 5.041E+14    0.3100 4.925E-26 0.000E+00 0.000E+00 0.000E+00 0.000E+00
Phot   15 8.895E+14    0.3164 4.516E-26 0.000E+00 0.000E+00 0.000E+00 0.000E+00
Phot   16 3.852E+15    0.3332 3.644E-26 0.000E+00 0.000E+00 0.000E+00 0.000E+00
Phot   17 4.721E+16    0.4290 1.387E-26 3.622E-19 0.000E+00 2.597E-19 0.000E+00
Phot   18 1.106E+17    0.5936 3.738E-27 1.722E-18 2.679E-19 1.384E-18 2.001E-19
Phot   19 2.029E+17    0.9357 6.812E-28 0.000E+00 0.000E+00 0.000E+00 0.000E+00
Phot   20 1.707E+17    1.5877 7.936E-29 0.000E+00 0.000E+00 0.000E+00 0.000E+00
Phot   21 0.000E+00    0.0000 0.000E+00 0.000E+00 0.000E+00 0.000E+00 0.000E+00
solflx
    a 1.391E+12 1.625E+12 1.660E+12 9.238E+11 7.820E+12 4.655E+12 solflx
    b 9.907E+12 1.214E+13 6.359E+14 4.041E+14 3.140E+14 5.893E+14 solflx
    c 7.670E+14 5.041E+14 8.895E+14 3.852E+15 4.721E+16 1.106E+17 solflx
    d 2.029E+17 1.707E+17 0.000E+00
X-rayl
    a 5.074E-25 4.479E-25 4.193E-25 3.902E-25 3.355E-25 2.921E-25 X-rayl
    b 2.731E-25 2.577E-25 1.048E-25 9.498E-26 8.106E-26 6.135E-26 X-rayl
    c 5.424E-26 4.925E-26 4.516E-26 3.644E-26 1.387E-26 3.738E-27 X-rayl
    d 6.812E-28 7.936E-29 0.000E+00
w-eff
    a     0.187     0.191     0.194     0.196     0.202     0.208 w-eff
    b     0.211     0.214     0.262     0.272     0.283     0.295 w-eff
    c     0.303     0.310     0.316     0.333     0.429     0.594 w-eff
    d     0.936     1.588     0.000
NO3a  = NO2+O
 190a 0.000E+00 0.000E+00 0.000E+00 0.000E+00 0.000E+00 0.000E+00 NO3a
 190b 0.000E+00 0.000E+00 0.000E+00 0.000E+00 0.000E+00 0.000E+00 NO3a
 190c 0.000E+00 0.000E+00 0.000E+00 0.000E+00 3.622E-19 1.722E-18 NO3a
NO3a  = NO2+O
 298a 0.000E+00 0.000E+00 0.000E+00 0.000E+00 0.000E+00 0.000E+00 NO3a
 298b 0.000E+00 0.000E+00 0.000E+00 0.000E+00 0.000E+00 0.000E+00 NO3a
 298c 0.000E+00 0.000E+00 0.000E+00 0.000E+00 2.597E-19 1.384E-18 NO3a
NO3b  = NO+O2
 190a 0.000E+00 0.000E+00 0.000E+00 0.000E+00 0.000E+00 0.000E+00 NO3b
 190b 0.000E+00 0.000E+00 0.000E+00 0.000E+00 0.000E+00 0.000E+00 NO3b
 190c 0.000E+00 0.000E+00 0.000E+00 0.000E+00 0.000E+00 2.679E-19 NO3b
NO3b  = NO+O2
 298a 0.000E+00 0.000E+00 0.000E+00 0.000E+00 0.000E+00 0.000E+00 NO3b
 298b 0.000E+00 0.000E+00 0.000E+00 0.000E+00 0.000E+00 0.000E+00 NO3b
 298c 0.000E+00 0.000E+00 0.000E+00 0.000E+00 0.000E+00 2.001E-19 NO3b
NO3   q(NO2+O)=0.882, q(NO+O2)=0.112
 190a 0.000E+00 0.000E+00 0.000E+00 0.000E+00 0.000E+00 0.000E+00 NO3
 190b 0.000E+00 0.000E+00 0.000E+00 0.000E+00 0.000E+00 0.000E+00 NO3
 190c 0.000E+00 0.000E+00 0.000E+00 0.000E+00 3.622E-19 1.990E-18 NO3
NO3   q(NO2+O)=0.882, q(NO+O2)=0.112
 298a 0.000E+00 0.000E+00 0.000E+00 0.000E+00 0.000E+00 0.000E+00 NO3
 298b 0.000E+00 0.000E+00 0.000E+00 0.000E+00 0.000E+00 0.000E+00 NO3
 298c 0.000E+00 0.000E+00 0.000E+00 0.000E+00 2.597E-19 1.584E-18 NO3
