 openfile=XO3_JPL11Y.dat                                                                  
Table 4A-4. Absorption Cross Sections of O3 at 293-298K & 218K (1e-20)          
 species:qO1D  
Table 4A-5. Parameters for the Calculation of O(1D)                             
pratmbin#    solflx XO3: 218K      258K      298K q1D: 218K      258K      298K 
Phot    1 1.090E+11 7.990E-19 7.990E-19 7.990E-19 4.800E-01 4.800E-01 4.800E-01
Phot    2 1.531E+11 7.897E-19 7.897E-19 7.897E-19 4.800E-01 4.800E-01 4.800E-01
Phot    3 1.693E+11 7.826E-19 7.826E-19 7.826E-19 4.800E-01 4.800E-01 4.800E-01
Phot    4 2.414E+11 7.630E-19 7.630E-19 7.630E-19 4.800E-01 4.800E-01 4.800E-01
Phot    5 3.344E+11 7.353E-19 7.353E-19 7.353E-19 4.800E-01 4.800E-01 4.800E-01
Phot    6 3.407E+11 7.003E-19 7.003E-19 7.003E-19 4.800E-01 4.800E-01 4.800E-01
Phot    7 3.928E+11 6.395E-19 6.395E-19 6.395E-19 4.800E-01 4.800E-01 4.800E-01
Phot    8 5.466E+11 5.886E-19 5.886E-19 5.886E-19 4.800E-01 4.800E-01 4.800E-01
Phot    9 7.100E+11 5.366E-19 5.366E-19 5.366E-19 4.802E-01 4.802E-01 4.802E-01
Phot   10 9.283E+11 4.797E-19 4.797E-19 4.797E-19 4.989E-01 4.989E-01 4.989E-01
Phot   11 1.011E+12 4.151E-19 4.151E-19 4.151E-19 5.309E-01 5.309E-01 5.309E-01
Phot   12 1.493E+12 3.654E-19 3.666E-19 3.678E-19 5.635E-01 5.635E-01 5.635E-01
Phot   13 8.541E+11 3.354E-19 3.378E-19 3.400E-19 5.895E-01 5.895E-01 5.895E-01
Phot   14 1.024E+12 3.200E-19 3.221E-19 3.240E-19 6.095E-01 6.095E-01 6.095E-01
Phot   15 2.065E+12 3.144E-19 3.159E-19 3.173E-19 6.378E-01 6.378E-01 6.378E-01
Phot   16 1.418E+12 3.240E-19 3.250E-19 3.260E-19 6.655E-01 6.655E-01 6.655E-01
Phot   17 2.816E+12 3.692E-19 3.698E-19 3.703E-19 6.938E-01 6.938E-01 6.938E-01
Phot   18 4.655E+12 4.829E-19 4.824E-19 4.820E-19 7.351E-01 7.350E-01 7.350E-01
Phot   19 9.907E+12 6.515E-19 6.500E-19 6.485E-19 7.763E-01 7.763E-01 7.763E-01
Phot   20 1.200E+13 9.300E-19 9.279E-19 9.259E-19 8.181E-01 8.181E-01 8.181E-01
Phot   21 1.212E+13 1.340E-18 1.335E-18 1.330E-18 8.604E-01 8.604E-01 8.604E-01
Phot   22 1.556E+13 1.812E-18 1.804E-18 1.796E-18 8.954E-01 8.954E-01 8.954E-01
Phot   23 2.238E+13 2.525E-18 2.519E-18 2.513E-18 9.000E-01 9.000E-01 9.000E-01
Phot   24 2.140E+13 3.585E-18 3.578E-18 3.571E-18 9.000E-01 9.000E-01 9.000E-01
Phot   25 2.422E+13 4.826E-18 4.817E-18 4.809E-18 9.000E-01 9.000E-01 9.000E-01
Phot   26 2.530E+13 6.442E-18 6.447E-18 6.452E-18 9.000E-01 9.000E-01 9.000E-01
Phot   27 2.885E+13 8.245E-18 8.260E-18 8.273E-18 9.000E-01 9.000E-01 9.000E-01
Phot   28 4.035E+13 9.818E-18 9.845E-18 9.869E-18 9.000E-01 9.000E-01 9.000E-01
Phot   29 3.882E+13 1.104E-17 1.109E-17 1.113E-17 9.000E-01 9.000E-01 9.000E-01
Phot   30 7.910E+13 1.112E-17 1.120E-17 1.128E-17 9.000E-01 9.000E-01 9.000E-01
Phot   31 1.097E+14 9.872E-18 9.957E-18 1.004E-17 9.000E-01 9.000E-01 9.000E-01
Phot   32 1.753E+14 8.485E-18 8.572E-18 8.652E-18 9.000E-01 9.000E-01 9.000E-01
Phot   33 1.384E+14 6.479E-18 6.566E-18 6.647E-18 9.000E-01 9.000E-01 9.000E-01
Phot   34 1.200E+14 4.815E-18 4.896E-18 4.972E-18 9.000E-01 9.000E-01 9.000E-01
Phot   35 1.111E+14 3.068E-18 3.131E-18 3.189E-18 9.000E-01 9.000E-01 9.000E-01
Phot   36 1.050E+14 2.434E-18 2.488E-18 2.538E-18 9.000E-01 9.000E-01 9.000E-01
Phot   37 1.256E+14 1.750E-18 1.797E-18 1.840E-18 9.000E-01 9.000E-01 9.000E-01
Phot   38 1.608E+14 1.317E-18 1.361E-18 1.401E-18 9.000E-01 9.000E-01 9.000E-01
Phot   39 1.665E+14 1.050E-18 1.092E-18 1.130E-18 9.000E-01 9.000E-01 9.000E-01
Phot   40 1.599E+14 8.616E-19 8.983E-19 9.321E-19 9.000E-01 9.000E-01 9.000E-01
Phot   41 1.463E+14 5.940E-19 6.236E-19 6.510E-19 9.000E-01 9.000E-01 9.000E-01
Phot   42 1.165E+14 5.940E-19 6.236E-19 6.510E-19 9.000E-01 9.000E-01 9.000E-01
Phot   43 9.425E+13 4.457E-19 4.704E-19 4.932E-19 9.000E-01 9.000E-01 9.000E-01
Phot   44 6.475E+13 3.510E-19 3.723E-19 3.920E-19 9.000E-01 9.000E-01 9.000E-01
Phot   45 7.148E+13 3.072E-19 3.270E-19 3.453E-19 9.000E-01 9.000E-01 9.000E-01
Phot   46 6.859E+13 2.710E-19 2.888E-19 3.053E-19 9.000E-01 9.000E-01 9.000E-01
Phot   47 9.327E+13 2.307E-19 2.478E-19 2.637E-19 9.000E-01 9.000E-01 9.000E-01
Phot   48 9.517E+13 2.073E-19 2.220E-19 2.355E-19 9.000E-01 9.000E-01 9.000E-01
Phot   49 1.008E+14 1.746E-19 1.892E-19 2.026E-19 9.000E-01 9.000E-01 9.000E-01
Phot   50 8.890E+13 1.569E-19 1.690E-19 1.802E-19 8.837E-01 8.856E-01 8.908E-01
Phot   51 8.983E+13 1.341E-19 1.456E-19 1.562E-19 8.378E-01 8.451E-01 8.621E-01
Phot   52 1.052E+14 1.167E-19 1.272E-19 1.369E-19 7.512E-01 7.665E-01 7.964E-01
Phot   53 8.814E+13 1.046E-19 1.141E-19 1.228E-19 6.055E-01 6.330E-01 6.817E-01
Phot   54 8.546E+13 8.673E-20 9.561E-20 1.038E-19 4.174E-01 4.596E-01 5.306E-01
Phot   55 1.209E+14 7.793E-20 8.567E-20 9.282E-20 2.583E-01 3.098E-01 3.974E-01
Phot   56 1.044E+14 6.602E-20 7.341E-20 8.025E-20 1.704E-01 2.225E-01 3.161E-01
Phot   57 1.162E+14 5.708E-20 6.385E-20 7.010E-20 1.247E-01 1.735E-01 2.683E-01
Phot   58 1.160E+14 5.077E-20 5.703E-20 6.282E-20 1.051E-01 1.517E-01 2.471E-01
Phot   59 1.303E+14 4.082E-20 4.650E-20 5.175E-20 9.826E-02 1.438E-01 2.390E-01
Phot   60 1.554E+14 3.472E-20 3.955E-20 4.402E-20 9.571E-02 1.385E-01 2.284E-01
Phot   61 1.794E+14 2.909E-20 3.332E-20 3.724E-20 9.309E-02 1.302E-01 2.084E-01
Phot   62 1.922E+14 2.258E-20 2.612E-20 2.939E-20 8.898E-02 1.171E-01 1.762E-01
Phot   63 2.728E+14 1.614E-20 1.914E-20 2.192E-20 8.458E-02 1.027E-01 1.409E-01
Phot   64 6.014E+14 9.852E-21 1.189E-20 1.378E-20 7.927E-02 8.532E-02 9.791E-02
Phot   65 1.338E+15 4.134E-21 5.148E-21 6.086E-21 7.945E-02 7.969E-02 8.021E-02
Phot   66 1.640E+15 1.091E-21 1.414E-21 1.713E-21 5.069E-02 5.222E-02 5.312E-02
Phot   67 1.779E+15 3.732E-22 3.732E-22 3.732E-22 0.000E+00 0.000E+00 0.000E+00
Phot   68 1.761E+15 7.531E-23 7.531E-23 7.531E-23 0.000E+00 0.000E+00 0.000E+00
Phot   69 2.143E+15 1.674E-23 1.674E-23 1.674E-23 0.000E+00 0.000E+00 0.000E+00
Phot   70 3.104E+15 6.281E-24 6.281E-24 6.281E-24 0.000E+00 0.000E+00 0.000E+00
Phot   71 6.678E+15 1.563E-23 1.563E-23 1.563E-23 0.000E+00 0.000E+00 0.000E+00
Phot   72 9.192E+15 5.820E-23 5.820E-23 5.820E-23 0.000E+00 0.000E+00 0.000E+00
Phot   73 2.255E+16 3.786E-22 3.786E-22 3.786E-22 0.000E+00 0.000E+00 0.000E+00
Phot   74 3.737E+16 2.218E-21 2.218E-21 2.218E-21 0.000E+00 0.000E+00 0.000E+00
Phot   75 3.967E+16 4.448E-21 4.448E-21 4.448E-21 0.000E+00 0.000E+00 0.000E+00
Phot   76 3.354E+16 1.889E-21 1.889E-21 1.889E-21 0.000E+00 0.000E+00 0.000E+00
Phot   77 2.029E+17 1.140E-22 1.140E-22 1.140E-22 0.000E+00 0.000E+00 0.000E+00
Phot   78 1.707E+17 0.000E+00 0.000E+00 0.000E+00 0.000E+00 0.000E+00 0.000E+00
Phot   79 0.000E+00 0.000E+00 0.000E+00 0.000E+00 0.000E+00 0.000E+00 0.000E+00
SJ   bin#    solflx XO3: 218K      258K      298K q1D: 218K      258K      298K 
Phot    1 1.391E+12 5.994E-19 5.995E-19 5.996E-19 4.896E-01 4.896E-01 4.896E-01
Phot    2 1.625E+12 4.868E-19 4.871E-19 4.874E-19 5.071E-01 5.071E-01 5.072E-01
Phot    3 1.660E+12 4.311E-19 4.318E-19 4.324E-19 5.266E-01 5.267E-01 5.268E-01
Phot    4 9.238E+11 3.657E-19 3.670E-19 3.681E-19 5.646E-01 5.646E-01 5.647E-01
Phot    5 7.820E+12 3.403E-19 3.415E-19 3.425E-19 6.550E-01 6.549E-01 6.549E-01
Phot    6 4.655E+12 4.829E-19 4.824E-19 4.820E-19 7.351E-01 7.350E-01 7.350E-01
Phot    7 9.907E+12 6.515E-19 6.500E-19 6.485E-19 7.763E-01 7.763E-01 7.763E-01
Phot    8 1.214E+13 9.245E-19 9.225E-19 9.206E-19 8.161E-01 8.161E-01 8.161E-01
Phot    9 6.359E+14 8.764E-18 8.837E-18 8.904E-18 9.000E-01 9.000E-01 9.000E-01
Phot   10 4.041E+14 3.525E-18 3.579E-18 3.629E-18 9.000E-01 9.000E-01 9.000E-01
Phot   11 3.140E+14 1.516E-18 1.556E-18 1.593E-18 8.984E-01 8.984E-01 8.985E-01
Phot   12 5.893E+14 7.955E-19 8.304E-19 8.626E-19 9.000E-01 9.000E-01 9.000E-01
Phot   13 7.670E+14 2.479E-19 2.647E-19 2.803E-19 8.949E-01 8.954E-01 8.968E-01
Phot   14 5.041E+14 8.973E-20 9.845E-20 1.065E-19 4.757E-01 5.097E-01 5.711E-01
Phot   15 8.895E+14 3.687E-20 4.186E-20 4.648E-20 1.024E-01 1.445E-01 2.309E-01
Phot   16 3.852E+15 4.581E-21 5.602E-21 6.546E-21 7.775E-02 8.418E-02 9.740E-02
Phot   17 4.721E+16 2.125E-22 2.125E-22 2.125E-22 0.000E+00 0.000E+00 0.000E+00
Phot   18 1.106E+17 2.918E-21 2.918E-21 2.918E-21 0.000E+00 0.000E+00 0.000E+00
Phot   19 2.029E+17 1.140E-22 1.140E-22 1.140E-22 0.000E+00 0.000E+00 0.000E+00
Phot   20 1.707E+17 0.000E+00 0.000E+00 0.000E+00 0.000E+00 0.000E+00 0.000E+00
Phot   21 0.000E+00 0.000E+00 0.000E+00 0.000E+00 0.000E+00 0.000E+00 0.000E+00
NB: Xs in bin19 are consolidated in bin18 below
xO3   
 218a 5.994E-19 4.868E-19 4.311E-19 3.657E-19 3.403E-19 4.829E-19 xO3   
 218b 6.515E-19 9.245E-19 8.764E-18 3.525E-18 1.516E-18 7.955E-19 xO3   
 218c 2.479E-19 8.973E-20 3.687E-20 4.581E-21 2.125E-22 3.127E-21 xO3   
xO3   
 258a 5.995E-19 4.871E-19 4.318E-19 3.670E-19 3.415E-19 4.824E-19 xO3   
 258b 6.500E-19 9.225E-19 8.837E-18 3.579E-18 1.556E-18 8.304E-19 xO3   
 258c 2.647E-19 9.845E-20 4.186E-20 5.602E-21 2.125E-22 3.127E-21 xO3   
xO3   
 298a 5.996E-19 4.874E-19 4.324E-19 3.681E-19 3.425E-19 4.820E-19 xO3   
 298b 6.485E-19 9.206E-19 8.904E-18 3.629E-18 1.593E-18 8.626E-19 xO3   
 298c 2.803E-19 1.065E-19 4.648E-20 6.546E-21 2.125E-22 3.127E-21 xO3   
qO1D  
 218a 4.896E-01 5.071E-01 5.266E-01 5.646E-01 6.550E-01 7.351E-01 qO1D  
 218b 7.763E-01 8.161E-01 9.000E-01 9.000E-01 8.984E-01 9.000E-01 qO1D  
 218c 8.949E-01 4.757E-01 1.024E-01 7.775E-02 0.000E+00 0.000E+00 qO1D  
qO1D  
 258a 4.896E-01 5.071E-01 5.267E-01 5.646E-01 6.549E-01 7.350E-01 qO1D  
 258b 7.763E-01 8.161E-01 9.000E-01 9.000E-01 8.984E-01 9.000E-01 qO1D  
 258c 8.954E-01 5.097E-01 1.445E-01 8.418E-02 0.000E+00 0.000E+00 qO1D  
qO1D  
 298a 4.896E-01 5.072E-01 5.268E-01 5.647E-01 6.549E-01 7.350E-01 qO1D  
 298b 7.763E-01 8.161E-01 9.000E-01 9.000E-01 8.985E-01 9.000E-01 qO1D  
 298c 8.968E-01 5.711E-01 2.309E-01 9.740E-02 0.000E+00 0.000E+00 qO1D  
