pratm bin#   w-eff  phot/Watt X-ray     Y-PAR     Liq:  nr + ni       Ice:  nr + ni
Phot    1    0.1779 1.090E+11 6.582E-25 0.000E+00 1.396E+00 1.100E-07 1.443E+00 3.055E-06
Phot    2    0.1788 1.531E+11 6.393E-25 0.000E+00 1.396E+00 1.100E-07 1.440E+00 1.983E-06
Phot    3    0.1798 1.693E+11 6.179E-25 0.000E+00 1.396E+00 1.100E-07 1.436E+00 1.196E-06
Phot    4    0.1810 2.414E+11 5.957E-25 0.000E+00 1.396E+00 1.100E-07 1.432E+00 6.773E-07
Phot    5    0.1823 3.344E+11 5.726E-25 0.000E+00 1.396E+00 1.100E-07 1.429E+00 3.609E-07
Phot    6    0.1838 3.407E+11 5.470E-25 0.000E+00 1.396E+00 1.100E-07 1.425E+00 1.445E-07
Phot    7    0.1856 3.928E+11 5.202E-25 0.000E+00 1.396E+00 1.100E-07 1.420E+00 4.981E-08
Phot    8    0.1873 5.466E+11 4.947E-25 0.000E+00 1.396E+00 1.100E-07 1.416E+00 2.717E-08
Phot    9    0.1892 7.100E+11 4.690E-25 0.000E+00 1.396E+00 1.100E-07 1.412E+00 2.114E-08
Phot   10    0.1914 9.283E+11 4.426E-25 0.000E+00 1.396E+00 1.100E-07 1.407E+00 1.741E-08
Phot   11    0.1937 1.011E+12 4.164E-25 0.000E+00 1.396E+00 1.100E-07 1.403E+00 1.625E-08
Phot   12    0.1960 1.493E+12 3.920E-25 0.000E+00 1.396E+00 1.100E-07 1.399E+00 1.570E-08
Phot   13    0.1978 8.541E+11 3.741E-25 0.000E+00 1.396E+00 1.100E-07 1.397E+00 1.535E-08
Phot   14    0.1992 1.024E+12 3.611E-25 0.000E+00 1.396E+00 1.100E-07 1.395E+00 1.508E-08
Phot   15    0.2013 2.065E+12 3.437E-25 0.000E+00 1.395E+00 1.069E-07 1.392E+00 1.471E-08
Phot   16    0.2033 1.418E+12 3.276E-25 0.000E+00 1.393E+00 1.021E-07 1.389E+00 1.436E-08
Phot   17    0.2052 2.816E+12 3.125E-25 0.000E+00 1.391E+00 9.721E-08 1.386E+00 1.402E-08
Phot   18    0.2081 4.655E+12 2.921E-25 0.000E+00 1.389E+00 9.015E-08 1.383E+00 1.355E-08
Phot   19    0.2111 9.907E+12 2.731E-25 0.000E+00 1.386E+00 8.294E-08 1.379E+00 1.308E-08
Phot   20    0.2141 1.200E+13 2.555E-25 0.000E+00 1.383E+00 7.566E-08 1.377E+00 1.264E-08
Phot   21    0.2171 1.212E+13 2.393E-25 0.000E+00 1.380E+00 6.836E-08 1.375E+00 1.221E-08
Phot   22    0.2200 1.556E+13 2.250E-25 0.000E+00 1.378E+00 6.132E-08 1.372E+00 1.182E-08
Phot   23    0.2234 2.238E+13 2.095E-25 0.000E+00 1.375E+00 5.300E-08 1.370E+00 1.138E-08
Phot   24    0.2270 2.140E+13 1.946E-25 0.000E+00 1.372E+00 4.782E-08 1.367E+00 1.094E-08
Phot   25    0.2310 2.422E+13 1.794E-25 0.000E+00 1.370E+00 4.539E-08 1.364E+00 1.048E-08
Phot   26    0.2353 2.530E+13 1.650E-25 0.000E+00 1.368E+00 4.281E-08 1.361E+00 1.001E-08
Phot   27    0.2401 2.885E+13 1.505E-25 0.000E+00 1.366E+00 3.991E-08 1.358E+00 9.523E-09
Phot   28    0.2451 4.035E+13 1.374E-25 0.000E+00 1.364E+00 3.696E-08 1.354E+00 9.059E-09
Phot   29    0.2509 3.882E+13 1.236E-25 0.000E+00 1.362E+00 3.369E-08 1.351E+00 8.545E-09
Phot   30    0.2573 7.910E+13 1.105E-25 0.000E+00 1.360E+00 3.107E-08 1.348E+00 8.032E-09
Phot   31    0.2634 1.097E+14 9.974E-26 0.000E+00 1.358E+00 2.864E-08 1.346E+00 7.584E-09
Phot   32    0.2680 1.753E+14 9.248E-26 0.000E+00 1.356E+00 2.681E-08 1.344E+00 7.269E-09
Phot   33    0.2727 1.384E+14 8.566E-26 0.000E+00 1.355E+00 2.492E-08 1.343E+00 6.962E-09
Phot   34    0.2774 1.200E+14 7.952E-26 0.000E+00 1.354E+00 2.324E-08 1.341E+00 6.676E-09
Phot   35    0.2821 1.111E+14 7.385E-26 0.000E+00 1.353E+00 2.171E-08 1.340E+00 6.402E-09
Phot   36    0.2849 1.050E+14 7.081E-26 0.000E+00 1.352E+00 2.083E-08 1.339E+00 6.251E-09
Phot   37    0.2877 1.256E+14 6.786E-26 0.000E+00 1.351E+00 1.993E-08 1.338E+00 6.101E-09
Phot   38    0.2901 1.608E+14 6.552E-26 0.000E+00 1.351E+00 1.918E-08 1.337E+00 5.980E-09
Phot   39    0.2919 1.665E+14 6.372E-26 0.000E+00 1.351E+00 1.858E-08 1.336E+00 5.886E-09
Phot   40    0.2940 1.599E+14 6.186E-26 0.000E+00 1.350E+00 1.794E-08 1.336E+00 5.787E-09
Phot   41    0.2958 1.463E+14 6.017E-26 0.000E+00 1.350E+00 1.733E-08 1.335E+00 5.696E-09
Phot   42    0.2975 1.165E+14 5.873E-26 0.000E+00 1.349E+00 1.680E-08 1.335E+00 5.618E-09
Phot   43    0.2989 9.425E+13 5.757E-26 0.000E+00 1.349E+00 1.635E-08 1.334E+00 5.554E-09
Phot   44    0.3000 6.475E+13 5.670E-26 0.000E+00 1.349E+00 1.602E-08 1.334E+00 5.505E-09
Phot   45    0.3010 7.148E+13 5.588E-26 0.000E+00 1.349E+00 1.580E-08 1.334E+00 5.460E-09
Phot   46    0.3020 6.859E+13 5.511E-26 0.000E+00 1.349E+00 1.561E-08 1.334E+00 5.416E-09
Phot   47    0.3030 9.327E+13 5.430E-26 0.000E+00 1.349E+00 1.540E-08 1.333E+00 5.371E-09
Phot   48    0.3040 9.517E+13 5.357E-26 0.000E+00 1.349E+00 1.521E-08 1.333E+00 5.329E-09
Phot   49    0.3050 1.008E+14 5.281E-26 0.000E+00 1.348E+00 1.500E-08 1.333E+00 5.285E-09
Phot   50    0.3060 8.890E+13 5.208E-26 0.000E+00 1.348E+00 1.480E-08 1.333E+00 5.243E-09
Phot   51    0.3070 8.983E+13 5.136E-26 0.000E+00 1.348E+00 1.461E-08 1.333E+00 5.201E-09
Phot   52    0.3079 1.052E+14 5.067E-26 0.000E+00 1.348E+00 1.441E-08 1.332E+00 5.161E-09
Phot   53    0.3089 8.814E+13 4.999E-26 0.000E+00 1.348E+00 1.422E-08 1.332E+00 5.121E-09
Phot   54    0.3100 8.546E+13 4.928E-26 0.000E+00 1.348E+00 1.401E-08 1.332E+00 5.079E-09
Phot   55    0.3110 1.209E+14 4.859E-26 0.000E+00 1.348E+00 1.380E-08 1.332E+00 5.037E-09
Phot   56    0.3119 1.044E+14 4.796E-26 0.000E+00 1.348E+00 1.361E-08 1.332E+00 5.000E-09
Phot   57    0.3130 1.162E+14 4.730E-26 0.000E+00 1.347E+00 1.341E-08 1.331E+00 4.960E-09
Phot   58    0.3140 1.160E+14 4.665E-26 0.000E+00 1.347E+00 1.321E-08 1.331E+00 4.920E-09
Phot   59    0.3151 1.303E+14 4.595E-26 0.000E+00 1.347E+00 1.298E-08 1.331E+00 4.877E-09
Phot   60    0.3165 1.554E+14 4.510E-26 0.000E+00 1.347E+00 1.270E-08 1.331E+00 4.825E-09
Phot   61    0.3179 1.794E+14 4.426E-26 0.000E+00 1.347E+00 1.242E-08 1.331E+00 4.773E-09
Phot   62    0.3195 1.922E+14 4.331E-26 0.000E+00 1.347E+00 1.210E-08 1.330E+00 4.713E-09
Phot   63    0.3213 2.728E+14 4.226E-26 0.000E+00 1.346E+00 1.173E-08 1.330E+00 4.647E-09
Phot   64    0.3249 6.014E+14 4.034E-26 3.031E-03 1.346E+00 1.103E-08 1.329E+00 4.523E-09
Phot   65    0.3309 1.338E+15 3.733E-26 3.555E-02 1.345E+00 9.934E-09 1.328E+00 4.323E-09
Phot   66    0.3400 1.640E+15 3.331E-26 9.000E-02 1.344E+00 8.301E-09 1.327E+00 4.045E-09
Phot   67    0.3502 1.779E+15 2.942E-26 1.591E-01 1.343E+00 6.553E-09 1.325E+00 3.762E-09
Phot   68    0.3601 1.761E+15 2.615E-26 2.717E-01 1.342E+00 5.284E-09 1.324E+00 3.510E-09
Phot   69    0.3698 2.143E+15 2.340E-26 3.876E-01 1.341E+00 4.125E-09 1.323E+00 3.289E-09
Phot   70    0.3823 3.104E+15 2.040E-26 5.052E-01 1.340E+00 3.035E-09 1.321E+00 3.032E-09
Phot   71    0.4024 6.678E+15 1.649E-26 6.501E-01 1.339E+00 1.909E-09 1.319E+00 2.655E-09
Phot   72    0.4249 9.192E+15 1.317E-26 7.583E-01 1.338E+00 1.339E-09 1.317E+00 2.178E-09
Phot   73    0.4621 2.255E+16 9.378E-27 7.180E-01 1.337E+00 9.903E-10 1.315E+00 1.617E-09
Phot   74    0.5232 3.737E+16 5.688E-27 7.704E-01 1.334E+00 1.454E-09 1.312E+00 2.455E-09
Phot   75    0.5976 3.967E+16 3.294E-27 9.760E-01 1.332E+00 9.159E-09 1.309E+00 6.113E-09
Phot   76    0.7052 7.172E+16 1.719E-27 4.374E-01 1.332E+00 7.221E-08 1.307E+00 3.756E-08
Phot   77    0.9908 1.712E+17 5.039E-28 0.000E+00 1.328E+00 3.160E-06 1.302E+00 1.936E-06
Phot   78    1.2702 1.600E+16 1.555E-28 0.000E+00 1.324E+00 1.152E-05 1.297E+00 1.316E-05
Phot   79    1.4539 7.760E+16 9.413E-29 0.000E+00 1.321E+00 1.595E-04 1.293E+00 2.471E-04
Phot   80    1.7731 5.184E+16 4.182E-29 0.000E+00 1.313E+00 3.476E-04 1.283E+00 2.234E-04
Phot   81    2.0185 1.889E+16 2.437E-29 0.000E+00 1.303E+00 1.032E-03 1.273E+00 1.342E-03
Phot   82    0.0000 0.000E+00 0.000E+00 0.000E+00 0.000E+00 0.000E+00 0.000E+00 0.000E+00
Phot   83    0.0000 0.000E+00 0.000E+00 0.000E+00 0.000E+00 0.000E+00 0.000E+00 0.000E+00
Phot   84    0.0000 0.000E+00 0.000E+00 0.000E+00 0.000E+00 0.000E+00 0.000E+00 0.000E+00
Phot   85    0.0000 0.000E+00 0.000E+00 0.000E+00 0.000E+00 0.000E+00 0.000E+00 0.000E+00
 S-J bin#    w-eff  phot/Watt X-ray     Y-PAR     Liq:  nr + ni       Ice:  nr + ni
Phot    1    0.1870 1.391E+12 5.074E-25 0.000E+00 1.396E+00 1.100E-07 1.418E+00 3.190E-07
Phot    2    0.1913 1.625E+12 4.479E-25 0.000E+00 1.396E+00 1.100E-07 1.408E+00 3.670E-08
Phot    3    0.1937 1.660E+12 4.193E-25 0.000E+00 1.396E+00 1.098E-07 1.404E+00 1.778E-08
Phot    4    0.1962 9.238E+11 3.902E-25 0.000E+00 1.396E+00 1.100E-07 1.399E+00 1.568E-08
Phot    5    0.2024 7.820E+12 3.355E-25 0.000E+00 1.393E+00 1.032E-07 1.390E+00 1.452E-08
Phot    6    0.2081 4.655E+12 2.921E-25 0.000E+00 1.389E+00 9.015E-08 1.383E+00 1.355E-08
Phot    7    0.2111 9.907E+12 2.731E-25 0.000E+00 1.386E+00 8.294E-08 1.379E+00 1.308E-08
Phot    8    0.2138 1.214E+13 2.577E-25 0.000E+00 1.383E+00 7.607E-08 1.377E+00 1.270E-08
Phot    9    0.2618 6.359E+14 1.048E-25 0.000E+00 1.358E+00 2.954E-08 1.347E+00 7.754E-09
Phot   10    0.2722 4.041E+14 9.498E-26 0.000E+00 1.356E+00 2.647E-08 1.344E+00 7.205E-09
Phot   11    0.2828 3.140E+14 8.106E-26 0.000E+00 1.354E+00 2.347E-08 1.341E+00 6.559E-09
Phot   12    0.2946 5.893E+14 6.135E-26 0.000E+00 1.350E+00 1.774E-08 1.336E+00 5.759E-09
Phot   13    0.3032 7.670E+14 5.424E-26 0.000E+00 1.349E+00 1.539E-08 1.333E+00 5.366E-09
Phot   14    0.3100 5.041E+14 4.925E-26 0.000E+00 1.348E+00 1.400E-08 1.332E+00 5.077E-09
Phot   15    0.3164 8.895E+14 4.516E-26 0.000E+00 1.347E+00 1.272E-08 1.331E+00 4.828E-09
Phot   16    0.3332 3.852E+15 3.644E-26 5.114E-02 1.345E+00 9.537E-09 1.328E+00 4.259E-09
Phot   17    0.4290 4.721E+16 1.387E-26 6.495E-01 1.338E+00 1.835E-09 1.318E+00 2.194E-09
Phot   18    0.6308 1.488E+17 3.136E-27 6.647E-01 1.332E+00 3.762E-08 1.309E+00 2.036E-08
Phot   19    0.9908 1.712E+17 5.039E-28 0.000E+00 1.328E+00 3.160E-06 1.302E+00 1.936E-06
Phot   20    1.2702 1.600E+16 1.555E-28 0.000E+00 1.324E+00 1.152E-05 1.297E+00 1.316E-05
Phot   21    1.4539 7.760E+16 9.413E-29 0.000E+00 1.321E+00 1.595E-04 1.293E+00 2.471E-04
Phot   22    1.7731 5.184E+16 4.182E-29 0.000E+00 1.313E+00 3.476E-04 1.283E+00 2.234E-04
Phot   23    2.0185 1.889E+16 2.437E-29 0.000E+00 1.303E+00 1.032E-03 1.273E+00 1.342E-03
Phot   24    0.0000 0.000E+00 0.000E+00 0.000E+00 0.000E+00 0.000E+00 0.000E+00 0.000E+00
Phot   25    0.0000 0.000E+00 0.000E+00 0.000E+00 0.000E+00 0.000E+00 0.000E+00 0.000E+00
Phot   26    0.0000 0.000E+00 0.000E+00 0.000E+00 0.000E+00 0.000E+00 0.000E+00 0.000E+00
Phot   27    0.0000 0.000E+00 0.000E+00 0.000E+00 0.000E+00 0.000E+00 0.000E+00 0.000E+00
solflx
    a 1.391E+12 1.625E+12 1.660E+12 9.238E+11 7.820E+12 4.655E+12 solflx
    b 9.907E+12 1.214E+13 6.359E+14 4.041E+14 3.140E+14 5.893E+14 solflx
    c 7.670E+14 5.041E+14 8.895E+14 3.852E+15 4.721E+16 1.488E+17 solflx
    d 1.712E+17 1.600E+16 7.760E+16 5.184E+16 1.889E+16 0.000E+00
    e 0.000E+00 0.000E+00 0.000E+00 0.000E+00 0.000E+00 0.000E+00
X-Rayl
    a 5.074E-25 4.479E-25 4.193E-25 3.902E-25 3.355E-25 2.921E-25 X-Rayl
    b 2.731E-25 2.577E-25 1.048E-25 9.498E-26 8.106E-26 6.135E-26 X-Rayl
    c 5.424E-26 4.925E-26 4.516E-26 3.644E-26 1.387E-26 3.136E-27 X-Rayl
    d 5.039E-28 1.555E-28 9.413E-29 4.182E-29 2.437E-29 0.000E+00
    e 0.000E+00 0.000E+00 0.000E+00 0.000E+00 0.000E+00 0.000E+00
w-eff 
    a     0.187     0.191     0.194     0.196     0.202     0.208 w-eff 
    b     0.211     0.214     0.262     0.272     0.283     0.295 w-eff 
    c     0.303     0.310     0.316     0.333     0.429     0.631 w-eff 
    d     0.991     1.270     1.454     1.773     2.018     0.000
    e 0.000E+00 0.000E+00 0.000E+00 0.000E+00 0.000E+00 0.000E+00
Y-PAR 
    a 0.000E+00 0.000E+00 0.000E+00 0.000E+00 0.000E+00 0.000E+00 Y-PAR 
    b 0.000E+00 0.000E+00 0.000E+00 0.000E+00 0.000E+00 0.000E+00 Y-PAR 
    c 0.000E+00 0.000E+00 0.000E+00 5.114E-02 6.495E-01 6.647E-01 Y-PAR 
    d     0.000     0.000     0.000     0.000     0.000     0.000
    e 0.000E+00 0.000E+00 0.000E+00 0.000E+00 0.000E+00 0.000E+00
 prat bin#   w-eff  phot/Watt X-ray     Y-PAR     Liq:  nr + ni       Ice:  nr + ni
Watts   1    0.1779 1.454E-03 6.589E-25 0.000E+00 1.396E+00 1.100E-07 1.443E+00 3.122E-06
Watts   2    0.1789 1.553E-03 6.378E-25 0.000E+00 1.396E+00 1.100E-07 1.440E+00 1.917E-06
Watts   3    0.1799 1.672E-03 6.176E-25 0.000E+00 1.396E+00 1.100E-07 1.436E+00 1.184E-06
Watts   4    0.1810 2.540E-03 5.959E-25 0.000E+00 1.396E+00 1.100E-07 1.433E+00 6.795E-07
Watts   5    0.1824 3.361E-03 5.718E-25 0.000E+00 1.396E+00 1.100E-07 1.429E+00 3.526E-07
Watts   6    0.1838 3.255E-03 5.469E-25 0.000E+00 1.396E+00 1.100E-07 1.425E+00 1.438E-07
Watts   7    0.1855 4.098E-03 5.209E-25 0.000E+00 1.396E+00 1.100E-07 1.420E+00 5.111E-08
Watts   8    0.1873 5.276E-03 4.953E-25 0.000E+00 1.396E+00 1.100E-07 1.416E+00 2.735E-08
Watts   9    0.1892 6.914E-03 4.698E-25 0.000E+00 1.396E+00 1.100E-07 1.412E+00 2.129E-08
Watts  10    0.1913 8.989E-03 4.433E-25 0.000E+00 1.396E+00 1.100E-07 1.407E+00 1.746E-08
Watts  11    0.1936 9.635E-03 4.174E-25 0.000E+00 1.396E+00 1.100E-07 1.403E+00 1.628E-08
Watts  12    0.1959 1.417E-02 3.926E-25 0.000E+00 1.396E+00 1.100E-07 1.399E+00 1.572E-08
Watts  13    0.1978 7.726E-03 3.746E-25 0.000E+00 1.396E+00 1.100E-07 1.397E+00 1.536E-08
Watts  14    0.1992 9.739E-03 3.619E-25 0.000E+00 1.396E+00 1.100E-07 1.395E+00 1.509E-08
Watts  15    0.2012 1.924E-02 3.444E-25 0.000E+00 1.395E+00 1.071E-07 1.392E+00 1.472E-08
Watts  16    0.2033 1.529E-02 3.274E-25 0.000E+00 1.393E+00 1.020E-07 1.389E+00 1.435E-08
Watts  17    0.2054 2.637E-02 3.115E-25 0.000E+00 1.391E+00 9.689E-08 1.386E+00 1.400E-08
Watts  18    0.2081 3.987E-02 2.923E-25 0.000E+00 1.389E+00 9.022E-08 1.383E+00 1.355E-08
Watts  19    0.2110 8.656E-02 2.739E-25 0.000E+00 1.386E+00 8.326E-08 1.379E+00 1.310E-08
Watts  20    0.2139 1.063E-01 2.564E-25 0.000E+00 1.383E+00 7.605E-08 1.377E+00 1.266E-08
Watts  21    0.2169 1.068E-01 2.402E-25 0.000E+00 1.380E+00 6.878E-08 1.375E+00 1.224E-08
Watts  22    0.2199 1.390E-01 2.254E-25 0.000E+00 1.378E+00 6.152E-08 1.372E+00 1.183E-08
Watts  23    0.2233 1.886E-01 2.099E-25 0.000E+00 1.375E+00 5.321E-08 1.370E+00 1.139E-08
Watts  24    0.2269 1.846E-01 1.950E-25 0.000E+00 1.372E+00 4.788E-08 1.367E+00 1.095E-08
Watts  25    0.2309 2.036E-01 1.798E-25 0.000E+00 1.370E+00 4.544E-08 1.364E+00 1.049E-08
Watts  26    0.2353 2.191E-01 1.650E-25 0.000E+00 1.368E+00 4.282E-08 1.361E+00 1.001E-08
Watts  27    0.2401 2.218E-01 1.506E-25 0.000E+00 1.366E+00 3.994E-08 1.358E+00 9.526E-09
Watts  28    0.2449 3.194E-01 1.378E-25 0.000E+00 1.364E+00 3.704E-08 1.354E+00 9.071E-09
Watts  29    0.2508 3.056E-01 1.239E-25 0.000E+00 1.362E+00 3.375E-08 1.351E+00 8.556E-09
Watts  30    0.2572 5.884E-01 1.107E-25 0.000E+00 1.360E+00 3.110E-08 1.348E+00 8.039E-09
Watts  31    0.2633 7.972E-01 9.998E-26 0.000E+00 1.358E+00 2.870E-08 1.346E+00 7.594E-09
Watts  32    0.2678 1.241E+00 9.267E-26 0.000E+00 1.356E+00 2.686E-08 1.344E+00 7.278E-09
Watts  33    0.2726 9.860E-01 8.581E-26 0.000E+00 1.355E+00 2.497E-08 1.343E+00 6.969E-09
Watts  34    0.2773 8.273E-01 7.958E-26 0.000E+00 1.354E+00 2.325E-08 1.341E+00 6.679E-09
Watts  35    0.2821 7.960E-01 7.385E-26 0.000E+00 1.353E+00 2.171E-08 1.340E+00 6.402E-09
Watts  36    0.2851 7.174E-01 7.060E-26 0.000E+00 1.352E+00 2.077E-08 1.339E+00 6.240E-09
Watts  37    0.2877 7.486E-01 6.784E-26 0.000E+00 1.351E+00 1.993E-08 1.338E+00 6.100E-09
Watts  38    0.2899 1.021E+00 6.564E-26 0.000E+00 1.351E+00 1.922E-08 1.337E+00 5.987E-09
Watts  39    0.2918 1.117E+00 6.382E-26 0.000E+00 1.351E+00 1.862E-08 1.337E+00 5.892E-09
Watts  40    0.2938 1.048E+00 6.196E-26 0.000E+00 1.350E+00 1.797E-08 1.336E+00 5.792E-09
Watts  41    0.2958 1.060E+00 6.018E-26 0.000E+00 1.350E+00 1.733E-08 1.335E+00 5.697E-09
Watts  42    0.2975 6.511E-01 5.875E-26 0.000E+00 1.350E+00 1.680E-08 1.335E+00 5.619E-09
Watts  43    0.2989 6.887E-01 5.759E-26 0.000E+00 1.349E+00 1.636E-08 1.334E+00 5.555E-09
Watts  44    0.3000 3.616E-01 5.668E-26 0.000E+00 1.349E+00 1.601E-08 1.334E+00 5.504E-09
Watts  45    0.3009 4.342E-01 5.594E-26 0.000E+00 1.349E+00 1.582E-08 1.334E+00 5.463E-09
Watts  46    0.3019 4.689E-01 5.515E-26 0.000E+00 1.349E+00 1.562E-08 1.334E+00 5.419E-09
Watts  47    0.3029 5.416E-01 5.437E-26 0.000E+00 1.349E+00 1.542E-08 1.333E+00 5.374E-09
Watts  48    0.3039 6.133E-01 5.362E-26 0.000E+00 1.349E+00 1.522E-08 1.333E+00 5.332E-09
Watts  49    0.3049 5.994E-01 5.287E-26 0.000E+00 1.348E+00 1.502E-08 1.333E+00 5.289E-09
Watts  50    0.3059 5.791E-01 5.214E-26 0.000E+00 1.348E+00 1.482E-08 1.333E+00 5.246E-09
Watts  51    0.3069 5.794E-01 5.141E-26 0.000E+00 1.348E+00 1.462E-08 1.333E+00 5.204E-09
Watts  52    0.3079 6.136E-01 5.070E-26 0.000E+00 1.348E+00 1.442E-08 1.332E+00 5.163E-09
Watts  53    0.3089 5.655E-01 5.002E-26 0.000E+00 1.348E+00 1.422E-08 1.332E+00 5.122E-09
Watts  54    0.3099 5.469E-01 4.931E-26 0.000E+00 1.348E+00 1.402E-08 1.332E+00 5.080E-09
Watts  55    0.3109 6.651E-01 4.864E-26 0.000E+00 1.348E+00 1.382E-08 1.332E+00 5.040E-09
Watts  56    0.3119 6.999E-01 4.799E-26 0.000E+00 1.348E+00 1.362E-08 1.332E+00 5.001E-09
Watts  57    0.3129 6.735E-01 4.733E-26 0.000E+00 1.347E+00 1.342E-08 1.331E+00 4.962E-09
Watts  58    0.3139 6.851E-01 4.670E-26 0.000E+00 1.347E+00 1.322E-08 1.331E+00 4.923E-09
Watts  59    0.3150 7.776E-01 4.601E-26 0.000E+00 1.347E+00 1.300E-08 1.331E+00 4.881E-09
Watts  60    0.3164 1.011E+00 4.515E-26 0.000E+00 1.347E+00 1.272E-08 1.331E+00 4.828E-09
Watts  61    0.3179 1.048E+00 4.427E-26 0.000E+00 1.347E+00 1.243E-08 1.331E+00 4.773E-09
Watts  62    0.3195 1.298E+00 4.329E-26 0.000E+00 1.347E+00 1.209E-08 1.330E+00 4.712E-09
Watts  63    0.3214 1.458E+00 4.225E-26 0.000E+00 1.346E+00 1.173E-08 1.330E+00 4.646E-09
Watts  64    0.3248 3.542E+00 4.039E-26 2.718E-03 1.346E+00 1.105E-08 1.329E+00 4.526E-09
Watts  65    0.3308 7.752E+00 3.738E-26 3.497E-02 1.345E+00 9.951E-09 1.328E+00 4.326E-09
Watts  66    0.3400 9.396E+00 3.331E-26 9.003E-02 1.344E+00 8.300E-09 1.327E+00 4.045E-09
Watts  67    0.3502 9.633E+00 2.939E-26 1.598E-01 1.343E+00 6.540E-09 1.325E+00 3.760E-09
Watts  68    0.3602 9.318E+00 2.612E-26 2.726E-01 1.342E+00 5.274E-09 1.324E+00 3.508E-09
Watts  69    0.3698 1.088E+01 2.341E-26 3.875E-01 1.341E+00 4.125E-09 1.323E+00 3.289E-09
Watts  70    0.3822 1.569E+01 2.041E-26 5.046E-01 1.340E+00 3.040E-09 1.321E+00 3.034E-09
Watts  71    0.4023 3.255E+01 1.652E-26 6.493E-01 1.339E+00 1.914E-09 1.319E+00 2.658E-09
Watts  72    0.4249 4.243E+01 1.318E-26 7.580E-01 1.338E+00 1.341E-09 1.317E+00 2.180E-09
Watts  73    0.4617 9.434E+01 9.413E-27 7.189E-01 1.337E+00 9.916E-10 1.315E+00 1.618E-09
Watts  74    0.5224 1.409E+02 5.721E-27 7.678E-01 1.334E+00 1.438E-09 1.312E+00 2.437E-09
Watts  75    0.5969 1.326E+02 3.309E-27 9.752E-01 1.332E+00 9.026E-09 1.309E+00 6.043E-09
Watts  76    0.7026 1.997E+02 1.744E-27 4.618E-01 1.332E+00 6.890E-08 1.307E+00 3.621E-08
Watts  77    0.9734 3.519E+02 5.381E-28 0.000E+00 1.328E+00 2.770E-06 1.302E+00 1.683E-06
Watts  78    1.2697 2.523E+01 1.557E-28 0.000E+00 1.324E+00 1.150E-05 1.297E+00 1.315E-05
Watts  79    1.4478 1.038E+02 9.572E-29 0.000E+00 1.321E+00 1.568E-04 1.293E+00 2.355E-04
Watts  80    1.7678 5.602E+01 4.231E-29 0.000E+00 1.313E+00 3.258E-04 1.284E+00 2.189E-04
Watts  81    2.0399 2.241E+01 2.344E-29 0.000E+00 1.302E+00 9.111E-04 1.272E+00 1.193E-03
Watts  82    2.3095 2.360E+01 1.440E-29 0.000E+00 1.283E+00 6.758E-04 1.251E+00 4.694E-04
Watts  83    2.7518 2.041E+01 7.258E-30 0.000E+00 1.241E+00 1.017E-01 1.127E+00 1.080E-01
Watts  84    3.4080 1.209E+01 3.099E-30 0.000E+00 1.427E+00 4.920E-02 1.499E+00 1.501E-01
Watts  85    5.3827 1.269E+01 8.047E-31 0.000E+00 1.316E+00 2.250E-02 1.326E+00 3.064E-02
 S-J bin#    w-eff  phot/Watt X-ray     Y-PAR     Liq:  nr + ni       Ice:  nr + ni
Watts   1    0.1868 1.378E-02 5.101E-25 0.000E+00 1.396E+00 1.100E-07 1.418E+00 3.406E-07
Watts   2    0.1911 1.570E-02 4.496E-25 0.000E+00 1.396E+00 1.100E-07 1.409E+00 3.718E-08
Watts   3    0.1936 1.582E-02 4.208E-25 0.000E+00 1.396E+00 1.098E-07 1.404E+00 1.787E-08
Watts   4    0.1962 8.707E-03 3.911E-25 0.000E+00 1.396E+00 1.100E-07 1.399E+00 1.570E-08
Watts   5    0.2024 7.517E-02 3.352E-25 0.000E+00 1.393E+00 1.031E-07 1.390E+00 1.451E-08
Watts   6    0.2081 3.987E-02 2.923E-25 0.000E+00 1.389E+00 9.022E-08 1.383E+00 1.355E-08
Watts   7    0.2110 8.656E-02 2.739E-25 0.000E+00 1.386E+00 8.326E-08 1.379E+00 1.310E-08
Watts   8    0.2136 1.077E-01 2.588E-25 0.000E+00 1.383E+00 7.649E-08 1.377E+00 1.272E-08
Watts   9    0.2612 4.678E+00 1.060E-25 0.000E+00 1.359E+00 2.982E-08 1.347E+00 7.803E-09
Watts  10    0.2706 2.918E+00 9.853E-26 0.000E+00 1.357E+00 2.727E-08 1.345E+00 7.337E-09
Watts  11    0.2804 2.016E+00 8.673E-26 0.000E+00 1.355E+00 2.503E-08 1.342E+00 6.763E-09
Watts  12    0.2944 3.876E+00 6.147E-26 0.000E+00 1.350E+00 1.779E-08 1.336E+00 5.766E-09
Watts  13    0.3030 4.866E+00 5.431E-26 0.000E+00 1.349E+00 1.541E-08 1.333E+00 5.370E-09
Watts  14    0.3100 3.091E+00 4.927E-26 0.000E+00 1.348E+00 1.400E-08 1.332E+00 5.078E-09
Watts  15    0.3165 5.494E+00 4.512E-26 0.000E+00 1.347E+00 1.270E-08 1.331E+00 4.826E-09
Watts  16    0.3331 2.215E+01 3.645E-26 5.087E-02 1.345E+00 9.543E-09 1.328E+00 4.260E-09
Watts  17    0.4256 2.148E+02 1.436E-26 6.392E-01 1.338E+00 1.943E-09 1.318E+00 2.252E-09
Watts  18    0.6194 4.732E+02 3.367E-27 6.968E-01 1.333E+00 3.204E-08 1.309E+00 1.770E-08
Watts  19    0.9734 3.519E+02 5.381E-28 0.000E+00 1.328E+00 2.770E-06 1.302E+00 1.683E-06
Watts  20    1.2697 2.523E+01 1.557E-28 0.000E+00 1.324E+00 1.150E-05 1.297E+00 1.315E-05
Watts  21    1.4478 1.038E+02 9.572E-29 0.000E+00 1.321E+00 1.568E-04 1.293E+00 2.355E-04
Watts  22    1.7678 5.602E+01 4.231E-29 0.000E+00 1.313E+00 3.258E-04 1.284E+00 2.189E-04
Watts  23    2.0399 2.241E+01 2.344E-29 0.000E+00 1.302E+00 9.111E-04 1.272E+00 1.193E-03
Watts  24    2.3095 2.360E+01 1.440E-29 0.000E+00 1.283E+00 6.758E-04 1.251E+00 4.694E-04
Watts  25    2.7518 2.041E+01 7.258E-30 0.000E+00 1.241E+00 1.017E-01 1.127E+00 1.080E-01
Watts  26    3.4080 1.209E+01 3.099E-30 0.000E+00 1.427E+00 4.920E-02 1.499E+00 1.501E-01
Watts  27    5.3827 1.269E+01 8.047E-31 0.000E+00 1.316E+00 2.250E-02 1.326E+00 3.064E-02
solarW
    a   0.01378   0.01570   0.01582   0.00871   0.07517   0.03987 solarW
    b   0.08656   0.10771   4.67821   2.91751   2.01589   3.87577 solarW
    c     4.866     3.091     5.494    22.148   214.840   473.172 solarW
    d   351.917    25.229   103.756    56.021    22.408    23.600
    e    20.414    12.091    12.692     0.000     0.000     0.000
X-rayl
    a 5.101E-25 4.496E-25 4.208E-25 3.911E-25 3.352E-25 2.923E-25 X-rayl
    b 2.739E-25 2.588E-25 1.060E-25 9.853E-26 8.673E-26 6.147E-26 X-rayl
    c 5.431E-26 4.927E-26 4.512E-26 3.645E-26 1.436E-26 3.367E-27 X-rayl
    d 5.381E-28 1.557E-28 9.572E-29 4.231E-29 2.344E-29 1.440E-29
    e 7.258E-30 3.099E-30 8.047E-31 0.000E+00 0.000E+00 0.000E+00
w-eff 
    a     0.187     0.191     0.194     0.196     0.202     0.208 w-eff 
    b     0.211     0.214     0.261     0.271     0.280     0.294 w-eff 
    c     0.303     0.310     0.316     0.333     0.426     0.619 w-eff 
    d     0.973     1.270     1.448     1.768     2.040     2.310
    e   2.75178   3.40797   5.38267   0.00000   0.00000   0.00000
